<?xml version="1.0" encoding="utf-8"?>
<CoverageSession xmlns:xsd="http://www.w3.org/2001/XMLSchema" xmlns:xsi="http://www.w3.org/2001/XMLSchema-instance" Version="4.6.0.0">
  <Summary numSequencePoints="1106" visitedSequencePoints="778" numBranchPoints="393" visitedBranchPoints="262" sequenceCoverage="70.34" branchCoverage="66.67" maxCyclomaticComplexity="19" minCyclomaticComplexity="1" maxCrapScore="72" minCrapScore="1" visitedClasses="78" numClasses="103" visitedMethods="200" numMethods="255" />
  <Modules>
    <Module hash="48-52-C7-13-FC-09-B5-7C-CA-B4-02-E6-70-06-39-EC-2D-C2-63-2C">
      <Summary numSequencePoints="371" visitedSequencePoints="286" numBranchPoints="121" visitedBranchPoints="103" sequenceCoverage="77.09" branchCoverage="85.12" maxCyclomaticComplexity="19" minCyclomaticComplexity="1" maxCrapScore="19" minCrapScore="1" visitedClasses="37" numClasses="53" visitedMethods="96" numMethods="113" />
      <ModulePath>C:\Users\ndduser\Desktop\Solid-Ops\Projeto_NFe_web\Server\Projeto_NFe.Application.Tests\bin\Debug\Projeto_NFe.Applications.dll</ModulePath>
      <ModuleTime>2018-10-05T20:52:13.883601Z</ModuleTime>
      <ModuleName>Projeto_NFe.Applications</ModuleName>
      <Files>
        <File uid="1" fullPath="C:\Users\ndduser\Desktop\Solid-Ops\Projeto_NFe_web\Server\Projeto_NFe.Applications\Features\Transportadores\TransportadorService.cs" />
        <File uid="2" fullPath="C:\Users\ndduser\Desktop\Solid-Ops\Projeto_NFe_web\Server\Projeto_NFe.Applications\Features\Transportadores\ViewModel\TransportadorViewModel.cs" />
        <File uid="3" fullPath="C:\Users\ndduser\Desktop\Solid-Ops\Projeto_NFe_web\Server\Projeto_NFe.Applications\Features\Transportadores\Query\TransportadorQuery.cs" />
        <File uid="4" fullPath="C:\Users\ndduser\Desktop\Solid-Ops\Projeto_NFe_web\Server\Projeto_NFe.Applications\Features\Transportadores\Mapping\MappingProfile.cs" />
        <File uid="6" fullPath="C:\Users\ndduser\Desktop\Solid-Ops\Projeto_NFe_web\Server\Projeto_NFe.Applications\Features\Transportadores\Commands\TransportadorAddCommand.cs" />
        <File uid="8" fullPath="C:\Users\ndduser\Desktop\Solid-Ops\Projeto_NFe_web\Server\Projeto_NFe.Applications\Features\Transportadores\Commands\TransportadorDeleteCommand.cs" />
        <File uid="10" fullPath="C:\Users\ndduser\Desktop\Solid-Ops\Projeto_NFe_web\Server\Projeto_NFe.Applications\Features\Transportadores\Commands\TransportadorUpdateCommand.cs" />
        <File uid="12" fullPath="C:\Users\ndduser\Desktop\Solid-Ops\Projeto_NFe_web\Server\Projeto_NFe.Applications\Features\Produtos\ProdutoService.cs" />
        <File uid="13" fullPath="C:\Users\ndduser\Desktop\Solid-Ops\Projeto_NFe_web\Server\Projeto_NFe.Applications\Features\Produtos\ViewModels\ProdutoViewModel.cs" />
        <File uid="14" fullPath="C:\Users\ndduser\Desktop\Solid-Ops\Projeto_NFe_web\Server\Projeto_NFe.Applications\Features\Produtos\Query\ProdutoQuery.cs" />
        <File uid="15" fullPath="C:\Users\ndduser\Desktop\Solid-Ops\Projeto_NFe_web\Server\Projeto_NFe.Applications\Features\Produtos\Mapping\MappingProfile.cs" />
        <File uid="17" fullPath="C:\Users\ndduser\Desktop\Solid-Ops\Projeto_NFe_web\Server\Projeto_NFe.Applications\Features\Produtos\Commands\ProdutoAddCommand.cs" />
        <File uid="19" fullPath="C:\Users\ndduser\Desktop\Solid-Ops\Projeto_NFe_web\Server\Projeto_NFe.Applications\Features\Produtos\Commands\ProdutoDeleteCommand.cs" />
        <File uid="21" fullPath="C:\Users\ndduser\Desktop\Solid-Ops\Projeto_NFe_web\Server\Projeto_NFe.Applications\Features\Produtos\Commands\ProdutoUpdateCommand.cs" />
        <File uid="23" fullPath="C:\Users\ndduser\Desktop\Solid-Ops\Projeto_NFe_web\Server\Projeto_NFe.Applications\Features\Destinatarios\DestinatarioService.cs" />
        <File uid="24" fullPath="C:\Users\ndduser\Desktop\Solid-Ops\Projeto_NFe_web\Server\Projeto_NFe.Applications\Features\Destinatarios\ViewModels\DestinatarioViewModel.cs" />
        <File uid="25" fullPath="C:\Users\ndduser\Desktop\Solid-Ops\Projeto_NFe_web\Server\Projeto_NFe.Applications\Features\Destinatarios\Querries\DestinatarioQuery.cs" />
        <File uid="26" fullPath="C:\Users\ndduser\Desktop\Solid-Ops\Projeto_NFe_web\Server\Projeto_NFe.Applications\Features\Destinatarios\Mapping\MappingProfile.cs" />
        <File uid="28" fullPath="C:\Users\ndduser\Desktop\Solid-Ops\Projeto_NFe_web\Server\Projeto_NFe.Applications\Features\Destinatarios\Commands\DestinatarioAddCommand.cs" />
        <File uid="30" fullPath="C:\Users\ndduser\Desktop\Solid-Ops\Projeto_NFe_web\Server\Projeto_NFe.Applications\Features\Destinatarios\Commands\DestinatarioDeleteCommand.cs" />
        <File uid="32" fullPath="C:\Users\ndduser\Desktop\Solid-Ops\Projeto_NFe_web\Server\Projeto_NFe.Applications\Features\Destinatarios\Commands\DestinatarioUpdateCommand.cs" />
        <File uid="34" fullPath="C:\Users\ndduser\Desktop\Solid-Ops\Projeto_NFe_web\Server\Projeto_NFe.Applications\Features\NotasFiscais\NotaFiscalService.cs" />
        <File uid="35" fullPath="C:\Users\ndduser\Desktop\Solid-Ops\Projeto_NFe_web\Server\Projeto_NFe.Applications\Features\NotasFiscais\ViewModel\NotaFiscalExtend.cs" />
        <File uid="36" fullPath="C:\Users\ndduser\Desktop\Solid-Ops\Projeto_NFe_web\Server\Projeto_NFe.Applications\Features\NotasFiscais\ViewModel\NotaFiscalViewModel.cs" />
        <File uid="37" fullPath="C:\Users\ndduser\Desktop\Solid-Ops\Projeto_NFe_web\Server\Projeto_NFe.Applications\Features\NotasFiscais\Mapping\MappingProfile.cs" />
        <File uid="39" fullPath="C:\Users\ndduser\Desktop\Solid-Ops\Projeto_NFe_web\Server\Projeto_NFe.Applications\Features\NotasFiscais\Commands\NotaFiscalAddCommand.cs" />
        <File uid="40" fullPath="C:\Users\ndduser\Desktop\Solid-Ops\Projeto_NFe_web\Server\Projeto_NFe.Applications\Features\NotasFiscais\Commands\NotaFiscalDeleteCommand.cs" />
        <File uid="42" fullPath="C:\Users\ndduser\Desktop\Solid-Ops\Projeto_NFe_web\Server\Projeto_NFe.Applications\Features\NotasFiscais\Commands\NotaFiscalUpdateCommand.cs" />
        <File uid="44" fullPath="C:\Users\ndduser\Desktop\Solid-Ops\Projeto_NFe_web\Server\Projeto_NFe.Applications\Features\Enderecos\EnderecoAddCommand.cs" />
        <File uid="46" fullPath="C:\Users\ndduser\Desktop\Solid-Ops\Projeto_NFe_web\Server\Projeto_NFe.Applications\Features\Enderecos\ViewModel\EnderecoViewModel.cs" />
        <File uid="47" fullPath="C:\Users\ndduser\Desktop\Solid-Ops\Projeto_NFe_web\Server\Projeto_NFe.Applications\Features\Enderecos\Mapping\MappingProfile.cs" />
        <File uid="49" fullPath="C:\Users\ndduser\Desktop\Solid-Ops\Projeto_NFe_web\Server\Projeto_NFe.Applications\Features\Emitentes\EmitenteService.cs" />
        <File uid="50" fullPath="C:\Users\ndduser\Desktop\Solid-Ops\Projeto_NFe_web\Server\Projeto_NFe.Applications\Features\Emitentes\ViewModel\EmitenteViewModel.cs" />
        <File uid="51" fullPath="C:\Users\ndduser\Desktop\Solid-Ops\Projeto_NFe_web\Server\Projeto_NFe.Applications\Features\Emitentes\Query\EmitenteQuery.cs" />
        <File uid="52" fullPath="C:\Users\ndduser\Desktop\Solid-Ops\Projeto_NFe_web\Server\Projeto_NFe.Applications\Features\Emitentes\Mapping\MappingProfile.cs" />
        <File uid="54" fullPath="C:\Users\ndduser\Desktop\Solid-Ops\Projeto_NFe_web\Server\Projeto_NFe.Applications\Features\Emitentes\Commands\EmitenteAddCommand.cs" />
        <File uid="56" fullPath="C:\Users\ndduser\Desktop\Solid-Ops\Projeto_NFe_web\Server\Projeto_NFe.Applications\Features\Emitentes\Commands\EmitenteDeleteCommand.cs" />
        <File uid="58" fullPath="C:\Users\ndduser\Desktop\Solid-Ops\Projeto_NFe_web\Server\Projeto_NFe.Applications\Features\Emitentes\Commands\EmitenteUpdateCommand.cs" />
        <File uid="60" fullPath="C:\Users\ndduser\Desktop\Solid-Ops\Projeto_NFe_web\Server\Projeto_NFe.Applications\Config\AutoMapper\AutoMapperConfig.cs" />
      </Files>
      <Classes>
        <Class>
          <Summary numSequencePoints="25" visitedSequencePoints="25" numBranchPoints="8" visitedBranchPoints="8" sequenceCoverage="100" branchCoverage="100" maxCyclomaticComplexity="2" minCyclomaticComplexity="1" maxCrapScore="2" minCrapScore="1" visitedClasses="1" numClasses="1" visitedMethods="6" numMethods="6" />
          <FullName>Projeto_NFe.Applications.Features.Transportadores.TransportadorService</FullName>
          <Methods>
            <Method visited="true" cyclomaticComplexity="1" nPathComplexity="0" sequenceCoverage="100" branchCoverage="100" crapScore="1" isConstructor="true" isStatic="false" isGetter="false" isSetter="false">
              <Summary numSequencePoints="4" visitedSequencePoints="4" numBranchPoints="1" visitedBranchPoints="1" sequenceCoverage="100" branchCoverage="100" maxCyclomaticComplexity="1" minCyclomaticComplexity="1" maxCrapScore="1" minCrapScore="1" visitedClasses="0" numClasses="0" visitedMethods="1" numMethods="1" />
              <MetadataToken>100663302</MetadataToken>
              <Name>System.Void Projeto_NFe.Applications.Features.Transportadores.TransportadorService::.ctor(Projeto_NFe.Domain.Features.Transportadores.ITransportadorRepository)</Name>
              <FileRef uid="1" />
              <SequencePoints>
                <SequencePoint vc="8" uspid="1" ordinal="0" offset="0" sl="16" sc="9" el="16" ec="73" bec="0" bev="0" fileid="1" />
                <SequencePoint vc="8" uspid="2" ordinal="1" offset="7" sl="17" sc="9" el="17" ec="10" bec="0" bev="0" fileid="1" />
                <SequencePoint vc="8" uspid="3" ordinal="2" offset="8" sl="18" sc="13" el="18" ec="38" bec="0" bev="0" fileid="1" />
                <SequencePoint vc="8" uspid="4" ordinal="3" offset="15" sl="19" sc="9" el="19" ec="10" bec="0" bev="0" fileid="1" />
              </SequencePoints>
              <BranchPoints />
              <MethodPoint xsi:type="SequencePoint" vc="8" uspid="1" ordinal="0" offset="0" sl="16" sc="9" el="16" ec="73" bec="0" bev="0" fileid="1" />
            </Method>
            <Method visited="true" cyclomaticComplexity="1" nPathComplexity="0" sequenceCoverage="100" branchCoverage="100" crapScore="1" isConstructor="false" isStatic="false" isGetter="false" isSetter="false">
              <Summary numSequencePoints="5" visitedSequencePoints="5" numBranchPoints="1" visitedBranchPoints="1" sequenceCoverage="100" branchCoverage="100" maxCyclomaticComplexity="1" minCyclomaticComplexity="1" maxCrapScore="1" minCrapScore="1" visitedClasses="0" numClasses="0" visitedMethods="1" numMethods="1" />
              <MetadataToken>100663303</MetadataToken>
              <Name>System.Int64 Projeto_NFe.Applications.Features.Transportadores.TransportadorService::Add(Projeto_NFe.Applications.Features.Transportadores.Commands.TransportadorAddCommand)</Name>
              <FileRef uid="1" />
              <SequencePoints>
                <SequencePoint vc="1" uspid="5" ordinal="0" offset="0" sl="21" sc="9" el="21" ec="10" bec="0" bev="0" fileid="1" />
                <SequencePoint vc="1" uspid="6" ordinal="1" offset="1" sl="22" sc="13" el="22" ec="100" bec="0" bev="0" fileid="1" />
                <SequencePoint vc="1" uspid="7" ordinal="2" offset="8" sl="23" sc="13" el="23" ec="69" bec="0" bev="0" fileid="1" />
                <SequencePoint vc="1" uspid="8" ordinal="3" offset="21" sl="25" sc="13" el="25" ec="41" bec="0" bev="0" fileid="1" />
                <SequencePoint vc="1" uspid="9" ordinal="4" offset="30" sl="26" sc="9" el="26" ec="10" bec="0" bev="0" fileid="1" />
              </SequencePoints>
              <BranchPoints />
              <MethodPoint xsi:type="SequencePoint" vc="1" uspid="5" ordinal="0" offset="0" sl="21" sc="9" el="21" ec="10" bec="0" bev="0" fileid="1" />
            </Method>
            <Method visited="true" cyclomaticComplexity="1" nPathComplexity="0" sequenceCoverage="100" branchCoverage="100" crapScore="1" isConstructor="false" isStatic="false" isGetter="false" isSetter="false">
              <Summary numSequencePoints="3" visitedSequencePoints="3" numBranchPoints="1" visitedBranchPoints="1" sequenceCoverage="100" branchCoverage="100" maxCyclomaticComplexity="1" minCyclomaticComplexity="1" maxCrapScore="1" minCrapScore="1" visitedClasses="0" numClasses="0" visitedMethods="1" numMethods="1" />
              <MetadataToken>100663304</MetadataToken>
              <Name>System.Boolean Projeto_NFe.Applications.Features.Transportadores.TransportadorService::Delete(Projeto_NFe.Applications.Features.Transportadores.Commands.TransportadorDeleteCommand)</Name>
              <FileRef uid="1" />
              <SequencePoints>
                <SequencePoint vc="2" uspid="10" ordinal="0" offset="0" sl="29" sc="9" el="29" ec="10" bec="0" bev="0" fileid="1" />
                <SequencePoint vc="2" uspid="11" ordinal="1" offset="1" sl="30" sc="13" el="30" ec="57" bec="0" bev="0" fileid="1" />
                <SequencePoint vc="1" uspid="12" ordinal="2" offset="21" sl="31" sc="9" el="31" ec="10" bec="0" bev="0" fileid="1" />
              </SequencePoints>
              <BranchPoints />
              <MethodPoint xsi:type="SequencePoint" vc="2" uspid="10" ordinal="0" offset="0" sl="29" sc="9" el="29" ec="10" bec="0" bev="0" fileid="1" />
            </Method>
            <Method visited="true" cyclomaticComplexity="1" nPathComplexity="0" sequenceCoverage="100" branchCoverage="100" crapScore="1" isConstructor="false" isStatic="false" isGetter="false" isSetter="false">
              <Summary numSequencePoints="3" visitedSequencePoints="3" numBranchPoints="1" visitedBranchPoints="1" sequenceCoverage="100" branchCoverage="100" maxCyclomaticComplexity="1" minCyclomaticComplexity="1" maxCrapScore="1" minCrapScore="1" visitedClasses="0" numClasses="0" visitedMethods="1" numMethods="1" />
              <MetadataToken>100663305</MetadataToken>
              <Name>System.Linq.IQueryable`1&lt;Projeto_NFe.Domain.Features.Transportadores.Transportador&gt; Projeto_NFe.Applications.Features.Transportadores.TransportadorService::GetAll()</Name>
              <FileRef uid="1" />
              <SequencePoints>
                <SequencePoint vc="1" uspid="13" ordinal="0" offset="0" sl="34" sc="9" el="34" ec="10" bec="0" bev="0" fileid="1" />
                <SequencePoint vc="1" uspid="14" ordinal="1" offset="1" sl="35" sc="13" el="35" ec="41" bec="0" bev="0" fileid="1" />
                <SequencePoint vc="1" uspid="15" ordinal="2" offset="15" sl="36" sc="9" el="36" ec="10" bec="0" bev="0" fileid="1" />
              </SequencePoints>
              <BranchPoints />
              <MethodPoint xsi:type="SequencePoint" vc="1" uspid="13" ordinal="0" offset="0" sl="34" sc="9" el="34" ec="10" bec="0" bev="0" fileid="1" />
            </Method>
            <Method visited="true" cyclomaticComplexity="1" nPathComplexity="0" sequenceCoverage="100" branchCoverage="100" crapScore="1" isConstructor="false" isStatic="false" isGetter="false" isSetter="false">
              <Summary numSequencePoints="3" visitedSequencePoints="3" numBranchPoints="1" visitedBranchPoints="1" sequenceCoverage="100" branchCoverage="100" maxCyclomaticComplexity="1" minCyclomaticComplexity="1" maxCrapScore="1" minCrapScore="1" visitedClasses="0" numClasses="0" visitedMethods="1" numMethods="1" />
              <MetadataToken>100663306</MetadataToken>
              <Name>Projeto_NFe.Domain.Features.Transportadores.Transportador Projeto_NFe.Applications.Features.Transportadores.TransportadorService::GetById(System.Int64)</Name>
              <FileRef uid="1" />
              <SequencePoints>
                <SequencePoint vc="2" uspid="16" ordinal="0" offset="0" sl="39" sc="9" el="39" ec="10" bec="0" bev="0" fileid="1" />
                <SequencePoint vc="2" uspid="17" ordinal="1" offset="1" sl="40" sc="13" el="40" ec="44" bec="0" bev="0" fileid="1" />
                <SequencePoint vc="1" uspid="18" ordinal="2" offset="16" sl="41" sc="9" el="41" ec="10" bec="0" bev="0" fileid="1" />
              </SequencePoints>
              <BranchPoints />
              <MethodPoint xsi:type="SequencePoint" vc="2" uspid="16" ordinal="0" offset="0" sl="39" sc="9" el="39" ec="10" bec="0" bev="0" fileid="1" />
            </Method>
            <Method visited="true" cyclomaticComplexity="2" nPathComplexity="2" sequenceCoverage="100" branchCoverage="100" crapScore="2" isConstructor="false" isStatic="false" isGetter="false" isSetter="false">
              <Summary numSequencePoints="7" visitedSequencePoints="7" numBranchPoints="3" visitedBranchPoints="3" sequenceCoverage="100" branchCoverage="100" maxCyclomaticComplexity="2" minCyclomaticComplexity="2" maxCrapScore="2" minCrapScore="2" visitedClasses="0" numClasses="0" visitedMethods="1" numMethods="1" />
              <MetadataToken>100663307</MetadataToken>
              <Name>System.Boolean Projeto_NFe.Applications.Features.Transportadores.TransportadorService::Update(Projeto_NFe.Applications.Features.Transportadores.Commands.TransportadorUpdateCommand)</Name>
              <FileRef uid="1" />
              <SequencePoints>
                <SequencePoint vc="2" uspid="19" ordinal="0" offset="0" sl="44" sc="9" el="44" ec="10" bec="0" bev="0" fileid="1" />
                <SequencePoint vc="2" uspid="20" ordinal="1" offset="1" sl="45" sc="13" el="45" ec="72" bec="0" bev="0" fileid="1" />
                <SequencePoint vc="2" uspid="21" ordinal="2" offset="19" sl="46" sc="13" el="46" ec="40" bec="2" bev="2" fileid="1" />
                <SequencePoint vc="1" uspid="22" ordinal="3" offset="27" sl="47" sc="17" el="47" ec="47" bec="0" bev="0" fileid="1" />
                <SequencePoint vc="1" uspid="23" ordinal="4" offset="33" sl="49" sc="13" el="49" ec="76" bec="0" bev="0" fileid="1" />
                <SequencePoint vc="1" uspid="24" ordinal="5" offset="41" sl="51" sc="13" el="51" ec="55" bec="0" bev="0" fileid="1" />
                <SequencePoint vc="1" uspid="25" ordinal="6" offset="56" sl="52" sc="9" el="52" ec="10" bec="0" bev="0" fileid="1" />
              </SequencePoints>
              <BranchPoints>
                <BranchPoint vc="1" uspid="26" ordinal="0" offset="25" sl="46" path="0" offsetend="27" fileid="1" />
                <BranchPoint vc="1" uspid="27" ordinal="1" offset="25" sl="46" path="1" offsetend="33" fileid="1" />
              </BranchPoints>
              <MethodPoint xsi:type="SequencePoint" vc="2" uspid="19" ordinal="0" offset="0" sl="44" sc="9" el="44" ec="10" bec="0" bev="0" fileid="1" />
            </Method>
          </Methods>
        </Class>
        <Class>
          <Summary numSequencePoints="0" visitedSequencePoints="0" numBranchPoints="0" visitedBranchPoints="0" sequenceCoverage="0" branchCoverage="0" maxCyclomaticComplexity="1" minCyclomaticComplexity="1" maxCrapScore="2" minCrapScore="2" visitedClasses="0" numClasses="0" visitedMethods="0" numMethods="0" />
          <FullName>Projeto_NFe.Applications.Features.Transportadores.ViewModel.TransportadorViewModel</FullName>
          <Methods>
            <Method skippedDueTo="AutoImplementedProperty" visited="false" cyclomaticComplexity="1" nPathComplexity="0" sequenceCoverage="0" branchCoverage="0" crapScore="0" isConstructor="false" isStatic="false" isGetter="true" isSetter="false">
              <MetadataToken>100663308</MetadataToken>
              <Name>System.Int64 Projeto_NFe.Applications.Features.Transportadores.ViewModel.TransportadorViewModel::get_Id()</Name>
              <FileRef uid="2" />
              <SequencePoints />
              <BranchPoints />
            </Method>
            <Method skippedDueTo="AutoImplementedProperty" visited="false" cyclomaticComplexity="1" nPathComplexity="0" sequenceCoverage="0" branchCoverage="0" crapScore="0" isConstructor="false" isStatic="false" isGetter="false" isSetter="true">
              <MetadataToken>100663309</MetadataToken>
              <Name>System.Void Projeto_NFe.Applications.Features.Transportadores.ViewModel.TransportadorViewModel::set_Id(System.Int64)</Name>
              <FileRef uid="2" />
              <SequencePoints />
              <BranchPoints />
            </Method>
            <Method skippedDueTo="AutoImplementedProperty" visited="false" cyclomaticComplexity="1" nPathComplexity="0" sequenceCoverage="0" branchCoverage="0" crapScore="0" isConstructor="false" isStatic="false" isGetter="true" isSetter="false">
              <MetadataToken>100663310</MetadataToken>
              <Name>System.String Projeto_NFe.Applications.Features.Transportadores.ViewModel.TransportadorViewModel::get_NomeRazaoSocial()</Name>
              <FileRef uid="2" />
              <SequencePoints />
              <BranchPoints />
            </Method>
            <Method skippedDueTo="AutoImplementedProperty" visited="false" cyclomaticComplexity="1" nPathComplexity="0" sequenceCoverage="0" branchCoverage="0" crapScore="0" isConstructor="false" isStatic="false" isGetter="false" isSetter="true">
              <MetadataToken>100663311</MetadataToken>
              <Name>System.Void Projeto_NFe.Applications.Features.Transportadores.ViewModel.TransportadorViewModel::set_NomeRazaoSocial(System.String)</Name>
              <FileRef uid="2" />
              <SequencePoints />
              <BranchPoints />
            </Method>
            <Method skippedDueTo="AutoImplementedProperty" visited="false" cyclomaticComplexity="1" nPathComplexity="0" sequenceCoverage="0" branchCoverage="0" crapScore="0" isConstructor="false" isStatic="false" isGetter="true" isSetter="false">
              <MetadataToken>100663312</MetadataToken>
              <Name>System.String Projeto_NFe.Applications.Features.Transportadores.ViewModel.TransportadorViewModel::get_InscricaoEstadual()</Name>
              <FileRef uid="2" />
              <SequencePoints />
              <BranchPoints />
            </Method>
            <Method skippedDueTo="AutoImplementedProperty" visited="false" cyclomaticComplexity="1" nPathComplexity="0" sequenceCoverage="0" branchCoverage="0" crapScore="0" isConstructor="false" isStatic="false" isGetter="false" isSetter="true">
              <MetadataToken>100663313</MetadataToken>
              <Name>System.Void Projeto_NFe.Applications.Features.Transportadores.ViewModel.TransportadorViewModel::set_InscricaoEstadual(System.String)</Name>
              <FileRef uid="2" />
              <SequencePoints />
              <BranchPoints />
            </Method>
            <Method skippedDueTo="AutoImplementedProperty" visited="false" cyclomaticComplexity="1" nPathComplexity="0" sequenceCoverage="0" branchCoverage="0" crapScore="0" isConstructor="false" isStatic="false" isGetter="true" isSetter="false">
              <MetadataToken>100663314</MetadataToken>
              <Name>System.String Projeto_NFe.Applications.Features.Transportadores.ViewModel.TransportadorViewModel::get_NumeroDocumento()</Name>
              <FileRef uid="2" />
              <SequencePoints />
              <BranchPoints />
            </Method>
            <Method skippedDueTo="AutoImplementedProperty" visited="false" cyclomaticComplexity="1" nPathComplexity="0" sequenceCoverage="0" branchCoverage="0" crapScore="0" isConstructor="false" isStatic="false" isGetter="false" isSetter="true">
              <MetadataToken>100663315</MetadataToken>
              <Name>System.Void Projeto_NFe.Applications.Features.Transportadores.ViewModel.TransportadorViewModel::set_NumeroDocumento(System.String)</Name>
              <FileRef uid="2" />
              <SequencePoints />
              <BranchPoints />
            </Method>
            <Method skippedDueTo="AutoImplementedProperty" visited="false" cyclomaticComplexity="1" nPathComplexity="0" sequenceCoverage="0" branchCoverage="0" crapScore="0" isConstructor="false" isStatic="false" isGetter="true" isSetter="false">
              <MetadataToken>100663316</MetadataToken>
              <Name>Projeto_NFe.Applications.Features.Enderecos.ViewModel.EnderecoViewModel Projeto_NFe.Applications.Features.Transportadores.ViewModel.TransportadorViewModel::get_Endereco()</Name>
              <FileRef uid="2" />
              <SequencePoints />
              <BranchPoints />
            </Method>
            <Method skippedDueTo="AutoImplementedProperty" visited="false" cyclomaticComplexity="1" nPathComplexity="0" sequenceCoverage="0" branchCoverage="0" crapScore="0" isConstructor="false" isStatic="false" isGetter="false" isSetter="true">
              <MetadataToken>100663317</MetadataToken>
              <Name>System.Void Projeto_NFe.Applications.Features.Transportadores.ViewModel.TransportadorViewModel::set_Endereco(Projeto_NFe.Applications.Features.Enderecos.ViewModel.EnderecoViewModel)</Name>
              <FileRef uid="2" />
              <SequencePoints />
              <BranchPoints />
            </Method>
            <Method skippedDueTo="AutoImplementedProperty" visited="false" cyclomaticComplexity="1" nPathComplexity="0" sequenceCoverage="0" branchCoverage="0" crapScore="0" isConstructor="false" isStatic="false" isGetter="true" isSetter="false">
              <MetadataToken>100663318</MetadataToken>
              <Name>System.Boolean Projeto_NFe.Applications.Features.Transportadores.ViewModel.TransportadorViewModel::get_ResponsabilidadeFrete()</Name>
              <FileRef uid="2" />
              <SequencePoints />
              <BranchPoints />
            </Method>
            <Method skippedDueTo="AutoImplementedProperty" visited="false" cyclomaticComplexity="1" nPathComplexity="0" sequenceCoverage="0" branchCoverage="0" crapScore="0" isConstructor="false" isStatic="false" isGetter="false" isSetter="true">
              <MetadataToken>100663319</MetadataToken>
              <Name>System.Void Projeto_NFe.Applications.Features.Transportadores.ViewModel.TransportadorViewModel::set_ResponsabilidadeFrete(System.Boolean)</Name>
              <FileRef uid="2" />
              <SequencePoints />
              <BranchPoints />
            </Method>
            <Method visited="false" cyclomaticComplexity="1" nPathComplexity="0" sequenceCoverage="0" branchCoverage="0" crapScore="2" isConstructor="true" isStatic="false" isGetter="false" isSetter="false">
              <Summary numSequencePoints="0" visitedSequencePoints="0" numBranchPoints="0" visitedBranchPoints="0" sequenceCoverage="0" branchCoverage="0" maxCyclomaticComplexity="1" minCyclomaticComplexity="1" maxCrapScore="2" minCrapScore="2" visitedClasses="0" numClasses="0" visitedMethods="0" numMethods="0" />
              <MetadataToken>100663320</MetadataToken>
              <Name>System.Void Projeto_NFe.Applications.Features.Transportadores.ViewModel.TransportadorViewModel::.ctor()</Name>
              <SequencePoints />
              <BranchPoints />
              <MethodPoint vc="0" uspid="28" ordinal="0" offset="0" />
            </Method>
          </Methods>
        </Class>
        <Class>
          <Summary numSequencePoints="4" visitedSequencePoints="0" numBranchPoints="1" visitedBranchPoints="0" sequenceCoverage="0" branchCoverage="0" maxCyclomaticComplexity="1" minCyclomaticComplexity="1" maxCrapScore="2" minCrapScore="2" visitedClasses="0" numClasses="1" visitedMethods="0" numMethods="1" />
          <FullName>Projeto_NFe.Applications.Features.Transportadores.Query.TransportadorQuery</FullName>
          <Methods>
            <Method skippedDueTo="AutoImplementedProperty" visited="false" cyclomaticComplexity="1" nPathComplexity="0" sequenceCoverage="0" branchCoverage="0" crapScore="0" isConstructor="false" isStatic="false" isGetter="true" isSetter="false">
              <MetadataToken>100663321</MetadataToken>
              <Name>System.Int32 Projeto_NFe.Applications.Features.Transportadores.Query.TransportadorQuery::get_Quantidade()</Name>
              <FileRef uid="3" />
              <SequencePoints />
              <BranchPoints />
            </Method>
            <Method skippedDueTo="AutoImplementedProperty" visited="false" cyclomaticComplexity="1" nPathComplexity="0" sequenceCoverage="0" branchCoverage="0" crapScore="0" isConstructor="false" isStatic="false" isGetter="false" isSetter="true">
              <MetadataToken>100663322</MetadataToken>
              <Name>System.Void Projeto_NFe.Applications.Features.Transportadores.Query.TransportadorQuery::set_Quantidade(System.Int32)</Name>
              <FileRef uid="3" />
              <SequencePoints />
              <BranchPoints />
            </Method>
            <Method visited="false" cyclomaticComplexity="1" nPathComplexity="0" sequenceCoverage="0" branchCoverage="0" crapScore="2" isConstructor="true" isStatic="false" isGetter="false" isSetter="false">
              <Summary numSequencePoints="4" visitedSequencePoints="0" numBranchPoints="1" visitedBranchPoints="0" sequenceCoverage="0" branchCoverage="0" maxCyclomaticComplexity="1" minCyclomaticComplexity="1" maxCrapScore="2" minCrapScore="2" visitedClasses="0" numClasses="0" visitedMethods="0" numMethods="1" />
              <MetadataToken>100663323</MetadataToken>
              <Name>System.Void Projeto_NFe.Applications.Features.Transportadores.Query.TransportadorQuery::.ctor(System.Int32)</Name>
              <FileRef uid="3" />
              <SequencePoints>
                <SequencePoint vc="0" uspid="29" ordinal="0" offset="0" sl="13" sc="9" el="13" ec="50" bec="0" bev="0" fileid="3" />
                <SequencePoint vc="0" uspid="30" ordinal="1" offset="7" sl="14" sc="9" el="14" ec="10" bec="0" bev="0" fileid="3" />
                <SequencePoint vc="0" uspid="31" ordinal="2" offset="8" sl="15" sc="13" el="15" ec="37" bec="0" bev="0" fileid="3" />
                <SequencePoint vc="0" uspid="32" ordinal="3" offset="16" sl="16" sc="9" el="16" ec="10" bec="0" bev="0" fileid="3" />
              </SequencePoints>
              <BranchPoints />
              <MethodPoint xsi:type="SequencePoint" vc="0" uspid="29" ordinal="0" offset="0" sl="13" sc="9" el="13" ec="50" bec="0" bev="0" fileid="3" />
            </Method>
          </Methods>
        </Class>
        <Class>
          <Summary numSequencePoints="6" visitedSequencePoints="6" numBranchPoints="1" visitedBranchPoints="1" sequenceCoverage="100" branchCoverage="100" maxCyclomaticComplexity="4" minCyclomaticComplexity="4" maxCrapScore="4" minCrapScore="4" visitedClasses="1" numClasses="1" visitedMethods="1" numMethods="1" />
          <FullName>Projeto_NFe.Applications.Features.Transportadores.Mapping.MappingProfile</FullName>
          <Methods>
            <Method visited="true" cyclomaticComplexity="4" nPathComplexity="0" sequenceCoverage="100" branchCoverage="100" crapScore="4" isConstructor="true" isStatic="false" isGetter="false" isSetter="false">
              <Summary numSequencePoints="6" visitedSequencePoints="6" numBranchPoints="1" visitedBranchPoints="1" sequenceCoverage="100" branchCoverage="100" maxCyclomaticComplexity="4" minCyclomaticComplexity="4" maxCrapScore="4" minCrapScore="4" visitedClasses="0" numClasses="0" visitedMethods="1" numMethods="1" />
              <MetadataToken>100663324</MetadataToken>
              <Name>System.Void Projeto_NFe.Applications.Features.Transportadores.Mapping.MappingProfile::.ctor()</Name>
              <FileRef uid="4" />
              <SequencePoints>
                <SequencePoint vc="11" uspid="33" ordinal="0" offset="0" sl="10" sc="9" el="10" ec="32" bec="0" bev="0" fileid="4" />
                <SequencePoint vc="11" uspid="34" ordinal="1" offset="7" sl="11" sc="9" el="11" ec="10" bec="0" bev="0" fileid="4" />
                <SequencePoint vc="11" uspid="35" ordinal="2" offset="8" sl="12" sc="13" el="13" ec="96" bec="0" bev="0" fileid="4" />
                <SequencePoint vc="11" uspid="36" ordinal="3" offset="108" sl="15" sc="13" el="16" ec="95" bec="0" bev="0" fileid="4" />
                <SequencePoint vc="11" uspid="37" ordinal="4" offset="208" sl="18" sc="13" el="19" ec="94" bec="0" bev="0" fileid="4" />
                <SequencePoint vc="11" uspid="38" ordinal="5" offset="308" sl="21" sc="9" el="21" ec="10" bec="0" bev="0" fileid="4" />
              </SequencePoints>
              <BranchPoints />
              <MethodPoint xsi:type="SequencePoint" vc="11" uspid="33" ordinal="0" offset="0" sl="10" sc="9" el="10" ec="32" bec="0" bev="0" fileid="4" />
            </Method>
          </Methods>
        </Class>
        <Class>
          <Summary numSequencePoints="3" visitedSequencePoints="3" numBranchPoints="3" visitedBranchPoints="3" sequenceCoverage="100" branchCoverage="100" maxCyclomaticComplexity="1" minCyclomaticComplexity="1" maxCrapScore="2" minCrapScore="1" visitedClasses="1" numClasses="1" visitedMethods="3" numMethods="3" />
          <FullName>Projeto_NFe.Applications.Features.Transportadores.Mapping.MappingProfile/&lt;&gt;c</FullName>
          <Methods>
            <Method visited="false" cyclomaticComplexity="1" nPathComplexity="0" sequenceCoverage="0" branchCoverage="0" crapScore="2" isConstructor="true" isStatic="true" isGetter="false" isSetter="false">
              <Summary numSequencePoints="0" visitedSequencePoints="0" numBranchPoints="0" visitedBranchPoints="0" sequenceCoverage="0" branchCoverage="0" maxCyclomaticComplexity="1" minCyclomaticComplexity="1" maxCrapScore="2" minCrapScore="2" visitedClasses="0" numClasses="0" visitedMethods="0" numMethods="0" />
              <MetadataToken>100663673</MetadataToken>
              <Name>System.Void Projeto_NFe.Applications.Features.Transportadores.Mapping.MappingProfile/&lt;&gt;c::.cctor()</Name>
              <SequencePoints />
              <BranchPoints />
              <MethodPoint vc="0" uspid="45" ordinal="0" offset="0" />
            </Method>
            <Method visited="false" cyclomaticComplexity="1" nPathComplexity="0" sequenceCoverage="0" branchCoverage="0" crapScore="2" isConstructor="true" isStatic="false" isGetter="false" isSetter="false">
              <Summary numSequencePoints="0" visitedSequencePoints="0" numBranchPoints="0" visitedBranchPoints="0" sequenceCoverage="0" branchCoverage="0" maxCyclomaticComplexity="1" minCyclomaticComplexity="1" maxCrapScore="2" minCrapScore="2" visitedClasses="0" numClasses="0" visitedMethods="0" numMethods="0" />
              <MetadataToken>100663674</MetadataToken>
              <Name>System.Void Projeto_NFe.Applications.Features.Transportadores.Mapping.MappingProfile/&lt;&gt;c::.ctor()</Name>
              <SequencePoints />
              <BranchPoints />
              <MethodPoint vc="0" uspid="46" ordinal="0" offset="0" />
            </Method>
            <Method visited="true" cyclomaticComplexity="1" nPathComplexity="0" sequenceCoverage="100" branchCoverage="100" crapScore="1" isConstructor="false" isStatic="false" isGetter="false" isSetter="false">
              <Summary numSequencePoints="1" visitedSequencePoints="1" numBranchPoints="1" visitedBranchPoints="1" sequenceCoverage="100" branchCoverage="100" maxCyclomaticComplexity="1" minCyclomaticComplexity="1" maxCrapScore="1" minCrapScore="1" visitedClasses="0" numClasses="0" visitedMethods="1" numMethods="1" />
              <MetadataToken>100663675</MetadataToken>
              <Name>System.Void Projeto_NFe.Applications.Features.Transportadores.Mapping.MappingProfile/&lt;&gt;c::&lt;.ctor&gt;b__0_1(AutoMapper.IPathConfigurationExpression`3&lt;Projeto_NFe.Applications.Features.Transportadores.Commands.TransportadorAddCommand,Projeto_NFe.Domain.Features.Transportadores.Transportador,Projeto_NFe.Domain.Base.NumeroDeDocumentos.NumeroDeDocumento&gt;)</Name>
              <FileRef uid="4" />
              <SequencePoints>
                <SequencePoint vc="11" uspid="47" ordinal="0" offset="0" sl="13" sc="56" el="13" ec="94" bec="0" bev="0" fileid="4" />
              </SequencePoints>
              <BranchPoints />
              <MethodPoint xsi:type="SequencePoint" vc="11" uspid="47" ordinal="0" offset="0" sl="13" sc="56" el="13" ec="94" bec="0" bev="0" fileid="4" />
            </Method>
            <Method visited="true" cyclomaticComplexity="1" nPathComplexity="0" sequenceCoverage="100" branchCoverage="100" crapScore="1" isConstructor="false" isStatic="false" isGetter="false" isSetter="false">
              <Summary numSequencePoints="1" visitedSequencePoints="1" numBranchPoints="1" visitedBranchPoints="1" sequenceCoverage="100" branchCoverage="100" maxCyclomaticComplexity="1" minCyclomaticComplexity="1" maxCrapScore="1" minCrapScore="1" visitedClasses="0" numClasses="0" visitedMethods="1" numMethods="1" />
              <MetadataToken>100663676</MetadataToken>
              <Name>System.Void Projeto_NFe.Applications.Features.Transportadores.Mapping.MappingProfile/&lt;&gt;c::&lt;.ctor&gt;b__0_3(AutoMapper.IMemberConfigurationExpression`3&lt;Projeto_NFe.Domain.Features.Transportadores.Transportador,Projeto_NFe.Applications.Features.Transportadores.ViewModel.TransportadorViewModel,System.String&gt;)</Name>
              <FileRef uid="4" />
              <SequencePoints>
                <SequencePoint vc="11" uspid="48" ordinal="0" offset="0" sl="16" sc="57" el="16" ec="93" bec="0" bev="0" fileid="4" />
              </SequencePoints>
              <BranchPoints />
              <MethodPoint xsi:type="SequencePoint" vc="11" uspid="48" ordinal="0" offset="0" sl="16" sc="57" el="16" ec="93" bec="0" bev="0" fileid="4" />
            </Method>
            <Method visited="true" cyclomaticComplexity="1" nPathComplexity="0" sequenceCoverage="100" branchCoverage="100" crapScore="1" isConstructor="false" isStatic="false" isGetter="false" isSetter="false">
              <Summary numSequencePoints="1" visitedSequencePoints="1" numBranchPoints="1" visitedBranchPoints="1" sequenceCoverage="100" branchCoverage="100" maxCyclomaticComplexity="1" minCyclomaticComplexity="1" maxCrapScore="1" minCrapScore="1" visitedClasses="0" numClasses="0" visitedMethods="1" numMethods="1" />
              <MetadataToken>100663677</MetadataToken>
              <Name>System.Void Projeto_NFe.Applications.Features.Transportadores.Mapping.MappingProfile/&lt;&gt;c::&lt;.ctor&gt;b__0_5(AutoMapper.IPathConfigurationExpression`3&lt;Projeto_NFe.Applications.Features.Transportadores.Commands.TransportadorUpdateCommand,Projeto_NFe.Domain.Features.Transportadores.Transportador,Projeto_NFe.Domain.Base.NumeroDeDocumentos.NumeroDeDocumento&gt;)</Name>
              <FileRef uid="4" />
              <SequencePoints>
                <SequencePoint vc="11" uspid="49" ordinal="0" offset="0" sl="19" sc="54" el="19" ec="92" bec="0" bev="0" fileid="4" />
              </SequencePoints>
              <BranchPoints />
              <MethodPoint xsi:type="SequencePoint" vc="11" uspid="49" ordinal="0" offset="0" sl="19" sc="54" el="19" ec="92" bec="0" bev="0" fileid="4" />
            </Method>
          </Methods>
        </Class>
        <Class>
          <Summary numSequencePoints="3" visitedSequencePoints="0" numBranchPoints="1" visitedBranchPoints="0" sequenceCoverage="0" branchCoverage="0" maxCyclomaticComplexity="1" minCyclomaticComplexity="1" maxCrapScore="2" minCrapScore="2" visitedClasses="0" numClasses="1" visitedMethods="0" numMethods="1" />
          <FullName>Projeto_NFe.Applications.Features.Transportadores.Commands.TransportadorAddCommand</FullName>
          <Methods>
            <Method skippedDueTo="AutoImplementedProperty" visited="false" cyclomaticComplexity="1" nPathComplexity="0" sequenceCoverage="0" branchCoverage="0" crapScore="0" isConstructor="false" isStatic="false" isGetter="true" isSetter="false">
              <MetadataToken>100663325</MetadataToken>
              <Name>System.String Projeto_NFe.Applications.Features.Transportadores.Commands.TransportadorAddCommand::get_NomeRazaoSocial()</Name>
              <FileRef uid="6" />
              <SequencePoints />
              <BranchPoints />
            </Method>
            <Method skippedDueTo="AutoImplementedProperty" visited="false" cyclomaticComplexity="1" nPathComplexity="0" sequenceCoverage="0" branchCoverage="0" crapScore="0" isConstructor="false" isStatic="false" isGetter="false" isSetter="true">
              <MetadataToken>100663326</MetadataToken>
              <Name>System.Void Projeto_NFe.Applications.Features.Transportadores.Commands.TransportadorAddCommand::set_NomeRazaoSocial(System.String)</Name>
              <FileRef uid="6" />
              <SequencePoints />
              <BranchPoints />
            </Method>
            <Method skippedDueTo="AutoImplementedProperty" visited="false" cyclomaticComplexity="1" nPathComplexity="0" sequenceCoverage="0" branchCoverage="0" crapScore="0" isConstructor="false" isStatic="false" isGetter="true" isSetter="false">
              <MetadataToken>100663327</MetadataToken>
              <Name>System.String Projeto_NFe.Applications.Features.Transportadores.Commands.TransportadorAddCommand::get_InscricaoEstadual()</Name>
              <FileRef uid="6" />
              <SequencePoints />
              <BranchPoints />
            </Method>
            <Method skippedDueTo="AutoImplementedProperty" visited="false" cyclomaticComplexity="1" nPathComplexity="0" sequenceCoverage="0" branchCoverage="0" crapScore="0" isConstructor="false" isStatic="false" isGetter="false" isSetter="true">
              <MetadataToken>100663328</MetadataToken>
              <Name>System.Void Projeto_NFe.Applications.Features.Transportadores.Commands.TransportadorAddCommand::set_InscricaoEstadual(System.String)</Name>
              <FileRef uid="6" />
              <SequencePoints />
              <BranchPoints />
            </Method>
            <Method skippedDueTo="AutoImplementedProperty" visited="false" cyclomaticComplexity="1" nPathComplexity="0" sequenceCoverage="0" branchCoverage="0" crapScore="0" isConstructor="false" isStatic="false" isGetter="true" isSetter="false">
              <MetadataToken>100663329</MetadataToken>
              <Name>System.String Projeto_NFe.Applications.Features.Transportadores.Commands.TransportadorAddCommand::get_NumeroDoDocumento()</Name>
              <FileRef uid="6" />
              <SequencePoints />
              <BranchPoints />
            </Method>
            <Method skippedDueTo="AutoImplementedProperty" visited="false" cyclomaticComplexity="1" nPathComplexity="0" sequenceCoverage="0" branchCoverage="0" crapScore="0" isConstructor="false" isStatic="false" isGetter="false" isSetter="true">
              <MetadataToken>100663330</MetadataToken>
              <Name>System.Void Projeto_NFe.Applications.Features.Transportadores.Commands.TransportadorAddCommand::set_NumeroDoDocumento(System.String)</Name>
              <FileRef uid="6" />
              <SequencePoints />
              <BranchPoints />
            </Method>
            <Method skippedDueTo="AutoImplementedProperty" visited="false" cyclomaticComplexity="1" nPathComplexity="0" sequenceCoverage="0" branchCoverage="0" crapScore="0" isConstructor="false" isStatic="false" isGetter="true" isSetter="false">
              <MetadataToken>100663331</MetadataToken>
              <Name>System.Boolean Projeto_NFe.Applications.Features.Transportadores.Commands.TransportadorAddCommand::get_ResponsabilidadeFrete()</Name>
              <FileRef uid="6" />
              <SequencePoints />
              <BranchPoints />
            </Method>
            <Method skippedDueTo="AutoImplementedProperty" visited="false" cyclomaticComplexity="1" nPathComplexity="0" sequenceCoverage="0" branchCoverage="0" crapScore="0" isConstructor="false" isStatic="false" isGetter="false" isSetter="true">
              <MetadataToken>100663332</MetadataToken>
              <Name>System.Void Projeto_NFe.Applications.Features.Transportadores.Commands.TransportadorAddCommand::set_ResponsabilidadeFrete(System.Boolean)</Name>
              <FileRef uid="6" />
              <SequencePoints />
              <BranchPoints />
            </Method>
            <Method skippedDueTo="AutoImplementedProperty" visited="false" cyclomaticComplexity="1" nPathComplexity="0" sequenceCoverage="0" branchCoverage="0" crapScore="0" isConstructor="false" isStatic="false" isGetter="true" isSetter="false">
              <MetadataToken>100663333</MetadataToken>
              <Name>Projeto_NFe.Applications.Features.Enderecos.EnderecoAddCommand Projeto_NFe.Applications.Features.Transportadores.Commands.TransportadorAddCommand::get_Endereco()</Name>
              <FileRef uid="6" />
              <SequencePoints />
              <BranchPoints />
            </Method>
            <Method skippedDueTo="AutoImplementedProperty" visited="false" cyclomaticComplexity="1" nPathComplexity="0" sequenceCoverage="0" branchCoverage="0" crapScore="0" isConstructor="false" isStatic="false" isGetter="false" isSetter="true">
              <MetadataToken>100663334</MetadataToken>
              <Name>System.Void Projeto_NFe.Applications.Features.Transportadores.Commands.TransportadorAddCommand::set_Endereco(Projeto_NFe.Applications.Features.Enderecos.EnderecoAddCommand)</Name>
              <FileRef uid="6" />
              <SequencePoints />
              <BranchPoints />
            </Method>
            <Method visited="false" cyclomaticComplexity="1" nPathComplexity="0" sequenceCoverage="0" branchCoverage="0" crapScore="2" isConstructor="false" isStatic="false" isGetter="false" isSetter="false">
              <Summary numSequencePoints="3" visitedSequencePoints="0" numBranchPoints="1" visitedBranchPoints="0" sequenceCoverage="0" branchCoverage="0" maxCyclomaticComplexity="1" minCyclomaticComplexity="1" maxCrapScore="2" minCrapScore="2" visitedClasses="0" numClasses="0" visitedMethods="0" numMethods="1" />
              <MetadataToken>100663335</MetadataToken>
              <Name>FluentValidation.Results.ValidationResult Projeto_NFe.Applications.Features.Transportadores.Commands.TransportadorAddCommand::Validation()</Name>
              <FileRef uid="6" />
              <SequencePoints>
                <SequencePoint vc="0" uspid="50" ordinal="0" offset="0" sl="16" sc="9" el="16" ec="10" bec="0" bev="0" fileid="6" />
                <SequencePoint vc="0" uspid="51" ordinal="1" offset="1" sl="17" sc="13" el="17" ec="74" bec="0" bev="0" fileid="6" />
                <SequencePoint vc="0" uspid="52" ordinal="2" offset="15" sl="18" sc="9" el="18" ec="10" bec="0" bev="0" fileid="6" />
              </SequencePoints>
              <BranchPoints />
              <MethodPoint xsi:type="SequencePoint" vc="0" uspid="50" ordinal="0" offset="0" sl="16" sc="9" el="16" ec="10" bec="0" bev="0" fileid="6" />
            </Method>
            <Method visited="false" cyclomaticComplexity="1" nPathComplexity="0" sequenceCoverage="0" branchCoverage="0" crapScore="2" isConstructor="true" isStatic="false" isGetter="false" isSetter="false">
              <Summary numSequencePoints="0" visitedSequencePoints="0" numBranchPoints="0" visitedBranchPoints="0" sequenceCoverage="0" branchCoverage="0" maxCyclomaticComplexity="1" minCyclomaticComplexity="1" maxCrapScore="2" minCrapScore="2" visitedClasses="0" numClasses="0" visitedMethods="0" numMethods="0" />
              <MetadataToken>100663336</MetadataToken>
              <Name>System.Void Projeto_NFe.Applications.Features.Transportadores.Commands.TransportadorAddCommand::.ctor()</Name>
              <SequencePoints />
              <BranchPoints />
              <MethodPoint vc="0" uspid="53" ordinal="0" offset="0" />
            </Method>
          </Methods>
        </Class>
        <Class>
          <Summary numSequencePoints="8" visitedSequencePoints="0" numBranchPoints="1" visitedBranchPoints="0" sequenceCoverage="0" branchCoverage="0" maxCyclomaticComplexity="1" minCyclomaticComplexity="1" maxCrapScore="2" minCrapScore="2" visitedClasses="0" numClasses="1" visitedMethods="0" numMethods="1" />
          <FullName>Projeto_NFe.Applications.Features.Transportadores.Commands.TransportadorAddCommand/TransportadorAddCommandValidator</FullName>
          <Methods>
            <Method visited="false" cyclomaticComplexity="1" nPathComplexity="0" sequenceCoverage="0" branchCoverage="0" crapScore="2" isConstructor="true" isStatic="false" isGetter="false" isSetter="false">
              <Summary numSequencePoints="8" visitedSequencePoints="0" numBranchPoints="1" visitedBranchPoints="0" sequenceCoverage="0" branchCoverage="0" maxCyclomaticComplexity="1" minCyclomaticComplexity="1" maxCrapScore="2" minCrapScore="2" visitedClasses="0" numClasses="0" visitedMethods="0" numMethods="1" />
              <MetadataToken>100663678</MetadataToken>
              <Name>System.Void Projeto_NFe.Applications.Features.Transportadores.Commands.TransportadorAddCommand/TransportadorAddCommandValidator::.ctor()</Name>
              <FileRef uid="6" />
              <SequencePoints>
                <SequencePoint vc="0" uspid="54" ordinal="0" offset="0" sl="22" sc="13" el="22" ec="54" bec="0" bev="0" fileid="6" />
                <SequencePoint vc="0" uspid="55" ordinal="1" offset="7" sl="23" sc="13" el="23" ec="14" bec="0" bev="0" fileid="6" />
                <SequencePoint vc="0" uspid="56" ordinal="2" offset="8" sl="24" sc="17" el="24" ec="61" bec="0" bev="0" fileid="6" />
                <SequencePoint vc="0" uspid="57" ordinal="3" offset="77" sl="25" sc="17" el="25" ec="59" bec="0" bev="0" fileid="6" />
                <SequencePoint vc="0" uspid="58" ordinal="4" offset="146" sl="26" sc="17" el="26" ec="61" bec="0" bev="0" fileid="6" />
                <SequencePoint vc="0" uspid="59" ordinal="5" offset="215" sl="27" sc="17" el="27" ec="65" bec="0" bev="0" fileid="6" />
                <SequencePoint vc="0" uspid="60" ordinal="6" offset="284" sl="28" sc="17" el="28" ec="52" bec="0" bev="0" fileid="6" />
                <SequencePoint vc="0" uspid="61" ordinal="7" offset="353" sl="29" sc="13" el="29" ec="14" bec="0" bev="0" fileid="6" />
              </SequencePoints>
              <BranchPoints />
              <MethodPoint xsi:type="SequencePoint" vc="0" uspid="54" ordinal="0" offset="0" sl="22" sc="13" el="22" ec="54" bec="0" bev="0" fileid="6" />
            </Method>
          </Methods>
        </Class>
        <Class>
          <Summary numSequencePoints="0" visitedSequencePoints="0" numBranchPoints="0" visitedBranchPoints="0" sequenceCoverage="0" branchCoverage="0" maxCyclomaticComplexity="1" minCyclomaticComplexity="1" maxCrapScore="2" minCrapScore="2" visitedClasses="0" numClasses="0" visitedMethods="0" numMethods="0" />
          <FullName>Projeto_NFe.Applications.Features.Transportadores.Commands.TransportadorAddCommand/TransportadorAddCommandValidator/&lt;&gt;c</FullName>
          <Methods>
            <Method visited="false" cyclomaticComplexity="1" nPathComplexity="0" sequenceCoverage="0" branchCoverage="0" crapScore="2" isConstructor="true" isStatic="true" isGetter="false" isSetter="false">
              <Summary numSequencePoints="0" visitedSequencePoints="0" numBranchPoints="0" visitedBranchPoints="0" sequenceCoverage="0" branchCoverage="0" maxCyclomaticComplexity="1" minCyclomaticComplexity="1" maxCrapScore="2" minCrapScore="2" visitedClasses="0" numClasses="0" visitedMethods="0" numMethods="0" />
              <MetadataToken>100663743</MetadataToken>
              <Name>System.Void Projeto_NFe.Applications.Features.Transportadores.Commands.TransportadorAddCommand/TransportadorAddCommandValidator/&lt;&gt;c::.cctor()</Name>
              <SequencePoints />
              <BranchPoints />
              <MethodPoint vc="0" uspid="62" ordinal="0" offset="0" />
            </Method>
            <Method visited="false" cyclomaticComplexity="1" nPathComplexity="0" sequenceCoverage="0" branchCoverage="0" crapScore="2" isConstructor="true" isStatic="false" isGetter="false" isSetter="false">
              <Summary numSequencePoints="0" visitedSequencePoints="0" numBranchPoints="0" visitedBranchPoints="0" sequenceCoverage="0" branchCoverage="0" maxCyclomaticComplexity="1" minCyclomaticComplexity="1" maxCrapScore="2" minCrapScore="2" visitedClasses="0" numClasses="0" visitedMethods="0" numMethods="0" />
              <MetadataToken>100663744</MetadataToken>
              <Name>System.Void Projeto_NFe.Applications.Features.Transportadores.Commands.TransportadorAddCommand/TransportadorAddCommandValidator/&lt;&gt;c::.ctor()</Name>
              <SequencePoints />
              <BranchPoints />
              <MethodPoint vc="0" uspid="63" ordinal="0" offset="0" />
            </Method>
          </Methods>
        </Class>
        <Class>
          <Summary numSequencePoints="3" visitedSequencePoints="0" numBranchPoints="1" visitedBranchPoints="0" sequenceCoverage="0" branchCoverage="0" maxCyclomaticComplexity="1" minCyclomaticComplexity="1" maxCrapScore="2" minCrapScore="2" visitedClasses="0" numClasses="1" visitedMethods="0" numMethods="1" />
          <FullName>Projeto_NFe.Applications.Features.Transportadores.Commands.TransportadorDeleteCommand</FullName>
          <Methods>
            <Method skippedDueTo="AutoImplementedProperty" visited="false" cyclomaticComplexity="1" nPathComplexity="0" sequenceCoverage="0" branchCoverage="0" crapScore="0" isConstructor="false" isStatic="false" isGetter="true" isSetter="false">
              <MetadataToken>100663337</MetadataToken>
              <Name>System.Int64 Projeto_NFe.Applications.Features.Transportadores.Commands.TransportadorDeleteCommand::get_Id()</Name>
              <FileRef uid="8" />
              <SequencePoints />
              <BranchPoints />
            </Method>
            <Method skippedDueTo="AutoImplementedProperty" visited="false" cyclomaticComplexity="1" nPathComplexity="0" sequenceCoverage="0" branchCoverage="0" crapScore="0" isConstructor="false" isStatic="false" isGetter="false" isSetter="true">
              <MetadataToken>100663338</MetadataToken>
              <Name>System.Void Projeto_NFe.Applications.Features.Transportadores.Commands.TransportadorDeleteCommand::set_Id(System.Int64)</Name>
              <FileRef uid="8" />
              <SequencePoints />
              <BranchPoints />
            </Method>
            <Method visited="false" cyclomaticComplexity="1" nPathComplexity="0" sequenceCoverage="0" branchCoverage="0" crapScore="2" isConstructor="false" isStatic="false" isGetter="false" isSetter="false">
              <Summary numSequencePoints="3" visitedSequencePoints="0" numBranchPoints="1" visitedBranchPoints="0" sequenceCoverage="0" branchCoverage="0" maxCyclomaticComplexity="1" minCyclomaticComplexity="1" maxCrapScore="2" minCrapScore="2" visitedClasses="0" numClasses="0" visitedMethods="0" numMethods="1" />
              <MetadataToken>100663339</MetadataToken>
              <Name>FluentValidation.Results.ValidationResult Projeto_NFe.Applications.Features.Transportadores.Commands.TransportadorDeleteCommand::Validation()</Name>
              <FileRef uid="8" />
              <SequencePoints>
                <SequencePoint vc="0" uspid="64" ordinal="0" offset="0" sl="16" sc="9" el="16" ec="10" bec="0" bev="0" fileid="8" />
                <SequencePoint vc="0" uspid="65" ordinal="1" offset="1" sl="17" sc="13" el="17" ec="77" bec="0" bev="0" fileid="8" />
                <SequencePoint vc="0" uspid="66" ordinal="2" offset="15" sl="18" sc="9" el="18" ec="10" bec="0" bev="0" fileid="8" />
              </SequencePoints>
              <BranchPoints />
              <MethodPoint xsi:type="SequencePoint" vc="0" uspid="64" ordinal="0" offset="0" sl="16" sc="9" el="16" ec="10" bec="0" bev="0" fileid="8" />
            </Method>
            <Method visited="false" cyclomaticComplexity="1" nPathComplexity="0" sequenceCoverage="0" branchCoverage="0" crapScore="2" isConstructor="true" isStatic="false" isGetter="false" isSetter="false">
              <Summary numSequencePoints="0" visitedSequencePoints="0" numBranchPoints="0" visitedBranchPoints="0" sequenceCoverage="0" branchCoverage="0" maxCyclomaticComplexity="1" minCyclomaticComplexity="1" maxCrapScore="2" minCrapScore="2" visitedClasses="0" numClasses="0" visitedMethods="0" numMethods="0" />
              <MetadataToken>100663340</MetadataToken>
              <Name>System.Void Projeto_NFe.Applications.Features.Transportadores.Commands.TransportadorDeleteCommand::.ctor()</Name>
              <SequencePoints />
              <BranchPoints />
              <MethodPoint vc="0" uspid="67" ordinal="0" offset="0" />
            </Method>
          </Methods>
        </Class>
        <Class>
          <Summary numSequencePoints="4" visitedSequencePoints="0" numBranchPoints="1" visitedBranchPoints="0" sequenceCoverage="0" branchCoverage="0" maxCyclomaticComplexity="1" minCyclomaticComplexity="1" maxCrapScore="2" minCrapScore="2" visitedClasses="0" numClasses="1" visitedMethods="0" numMethods="1" />
          <FullName>Projeto_NFe.Applications.Features.Transportadores.Commands.TransportadorDeleteCommandValidator</FullName>
          <Methods>
            <Method visited="false" cyclomaticComplexity="1" nPathComplexity="0" sequenceCoverage="0" branchCoverage="0" crapScore="2" isConstructor="true" isStatic="false" isGetter="false" isSetter="false">
              <Summary numSequencePoints="4" visitedSequencePoints="0" numBranchPoints="1" visitedBranchPoints="0" sequenceCoverage="0" branchCoverage="0" maxCyclomaticComplexity="1" minCyclomaticComplexity="1" maxCrapScore="2" minCrapScore="2" visitedClasses="0" numClasses="0" visitedMethods="0" numMethods="1" />
              <MetadataToken>100663341</MetadataToken>
              <Name>System.Void Projeto_NFe.Applications.Features.Transportadores.Commands.TransportadorDeleteCommandValidator::.ctor()</Name>
              <FileRef uid="8" />
              <SequencePoints>
                <SequencePoint vc="0" uspid="68" ordinal="0" offset="0" sl="23" sc="9" el="23" ec="53" bec="0" bev="0" fileid="8" />
                <SequencePoint vc="0" uspid="69" ordinal="1" offset="7" sl="24" sc="9" el="24" ec="10" bec="0" bev="0" fileid="8" />
                <SequencePoint vc="0" uspid="70" ordinal="2" offset="8" sl="25" sc="13" el="25" ec="42" bec="0" bev="0" fileid="8" />
                <SequencePoint vc="0" uspid="71" ordinal="3" offset="77" sl="26" sc="9" el="26" ec="10" bec="0" bev="0" fileid="8" />
              </SequencePoints>
              <BranchPoints />
              <MethodPoint xsi:type="SequencePoint" vc="0" uspid="68" ordinal="0" offset="0" sl="23" sc="9" el="23" ec="53" bec="0" bev="0" fileid="8" />
            </Method>
          </Methods>
        </Class>
        <Class>
          <Summary numSequencePoints="0" visitedSequencePoints="0" numBranchPoints="0" visitedBranchPoints="0" sequenceCoverage="0" branchCoverage="0" maxCyclomaticComplexity="1" minCyclomaticComplexity="1" maxCrapScore="2" minCrapScore="2" visitedClasses="0" numClasses="0" visitedMethods="0" numMethods="0" />
          <FullName>Projeto_NFe.Applications.Features.Transportadores.Commands.TransportadorDeleteCommandValidator/&lt;&gt;c</FullName>
          <Methods>
            <Method visited="false" cyclomaticComplexity="1" nPathComplexity="0" sequenceCoverage="0" branchCoverage="0" crapScore="2" isConstructor="true" isStatic="true" isGetter="false" isSetter="false">
              <Summary numSequencePoints="0" visitedSequencePoints="0" numBranchPoints="0" visitedBranchPoints="0" sequenceCoverage="0" branchCoverage="0" maxCyclomaticComplexity="1" minCyclomaticComplexity="1" maxCrapScore="2" minCrapScore="2" visitedClasses="0" numClasses="0" visitedMethods="0" numMethods="0" />
              <MetadataToken>100663679</MetadataToken>
              <Name>System.Void Projeto_NFe.Applications.Features.Transportadores.Commands.TransportadorDeleteCommandValidator/&lt;&gt;c::.cctor()</Name>
              <SequencePoints />
              <BranchPoints />
              <MethodPoint vc="0" uspid="72" ordinal="0" offset="0" />
            </Method>
            <Method visited="false" cyclomaticComplexity="1" nPathComplexity="0" sequenceCoverage="0" branchCoverage="0" crapScore="2" isConstructor="true" isStatic="false" isGetter="false" isSetter="false">
              <Summary numSequencePoints="0" visitedSequencePoints="0" numBranchPoints="0" visitedBranchPoints="0" sequenceCoverage="0" branchCoverage="0" maxCyclomaticComplexity="1" minCyclomaticComplexity="1" maxCrapScore="2" minCrapScore="2" visitedClasses="0" numClasses="0" visitedMethods="0" numMethods="0" />
              <MetadataToken>100663680</MetadataToken>
              <Name>System.Void Projeto_NFe.Applications.Features.Transportadores.Commands.TransportadorDeleteCommandValidator/&lt;&gt;c::.ctor()</Name>
              <SequencePoints />
              <BranchPoints />
              <MethodPoint vc="0" uspid="73" ordinal="0" offset="0" />
            </Method>
          </Methods>
        </Class>
        <Class>
          <Summary numSequencePoints="3" visitedSequencePoints="0" numBranchPoints="1" visitedBranchPoints="0" sequenceCoverage="0" branchCoverage="0" maxCyclomaticComplexity="1" minCyclomaticComplexity="1" maxCrapScore="2" minCrapScore="2" visitedClasses="0" numClasses="1" visitedMethods="0" numMethods="1" />
          <FullName>Projeto_NFe.Applications.Features.Transportadores.Commands.TransportadorUpdateCommand</FullName>
          <Methods>
            <Method skippedDueTo="AutoImplementedProperty" visited="false" cyclomaticComplexity="1" nPathComplexity="0" sequenceCoverage="0" branchCoverage="0" crapScore="0" isConstructor="false" isStatic="false" isGetter="true" isSetter="false">
              <MetadataToken>100663342</MetadataToken>
              <Name>System.Int64 Projeto_NFe.Applications.Features.Transportadores.Commands.TransportadorUpdateCommand::get_Id()</Name>
              <FileRef uid="10" />
              <SequencePoints />
              <BranchPoints />
            </Method>
            <Method skippedDueTo="AutoImplementedProperty" visited="false" cyclomaticComplexity="1" nPathComplexity="0" sequenceCoverage="0" branchCoverage="0" crapScore="0" isConstructor="false" isStatic="false" isGetter="false" isSetter="true">
              <MetadataToken>100663343</MetadataToken>
              <Name>System.Void Projeto_NFe.Applications.Features.Transportadores.Commands.TransportadorUpdateCommand::set_Id(System.Int64)</Name>
              <FileRef uid="10" />
              <SequencePoints />
              <BranchPoints />
            </Method>
            <Method skippedDueTo="AutoImplementedProperty" visited="false" cyclomaticComplexity="1" nPathComplexity="0" sequenceCoverage="0" branchCoverage="0" crapScore="0" isConstructor="false" isStatic="false" isGetter="true" isSetter="false">
              <MetadataToken>100663344</MetadataToken>
              <Name>System.String Projeto_NFe.Applications.Features.Transportadores.Commands.TransportadorUpdateCommand::get_NomeRazaoSocial()</Name>
              <FileRef uid="10" />
              <SequencePoints />
              <BranchPoints />
            </Method>
            <Method skippedDueTo="AutoImplementedProperty" visited="false" cyclomaticComplexity="1" nPathComplexity="0" sequenceCoverage="0" branchCoverage="0" crapScore="0" isConstructor="false" isStatic="false" isGetter="false" isSetter="true">
              <MetadataToken>100663345</MetadataToken>
              <Name>System.Void Projeto_NFe.Applications.Features.Transportadores.Commands.TransportadorUpdateCommand::set_NomeRazaoSocial(System.String)</Name>
              <FileRef uid="10" />
              <SequencePoints />
              <BranchPoints />
            </Method>
            <Method skippedDueTo="AutoImplementedProperty" visited="false" cyclomaticComplexity="1" nPathComplexity="0" sequenceCoverage="0" branchCoverage="0" crapScore="0" isConstructor="false" isStatic="false" isGetter="true" isSetter="false">
              <MetadataToken>100663346</MetadataToken>
              <Name>System.String Projeto_NFe.Applications.Features.Transportadores.Commands.TransportadorUpdateCommand::get_InscricaoEstadual()</Name>
              <FileRef uid="10" />
              <SequencePoints />
              <BranchPoints />
            </Method>
            <Method skippedDueTo="AutoImplementedProperty" visited="false" cyclomaticComplexity="1" nPathComplexity="0" sequenceCoverage="0" branchCoverage="0" crapScore="0" isConstructor="false" isStatic="false" isGetter="false" isSetter="true">
              <MetadataToken>100663347</MetadataToken>
              <Name>System.Void Projeto_NFe.Applications.Features.Transportadores.Commands.TransportadorUpdateCommand::set_InscricaoEstadual(System.String)</Name>
              <FileRef uid="10" />
              <SequencePoints />
              <BranchPoints />
            </Method>
            <Method skippedDueTo="AutoImplementedProperty" visited="false" cyclomaticComplexity="1" nPathComplexity="0" sequenceCoverage="0" branchCoverage="0" crapScore="0" isConstructor="false" isStatic="false" isGetter="true" isSetter="false">
              <MetadataToken>100663348</MetadataToken>
              <Name>System.String Projeto_NFe.Applications.Features.Transportadores.Commands.TransportadorUpdateCommand::get_NumeroDoDocumento()</Name>
              <FileRef uid="10" />
              <SequencePoints />
              <BranchPoints />
            </Method>
            <Method skippedDueTo="AutoImplementedProperty" visited="false" cyclomaticComplexity="1" nPathComplexity="0" sequenceCoverage="0" branchCoverage="0" crapScore="0" isConstructor="false" isStatic="false" isGetter="false" isSetter="true">
              <MetadataToken>100663349</MetadataToken>
              <Name>System.Void Projeto_NFe.Applications.Features.Transportadores.Commands.TransportadorUpdateCommand::set_NumeroDoDocumento(System.String)</Name>
              <FileRef uid="10" />
              <SequencePoints />
              <BranchPoints />
            </Method>
            <Method skippedDueTo="AutoImplementedProperty" visited="false" cyclomaticComplexity="1" nPathComplexity="0" sequenceCoverage="0" branchCoverage="0" crapScore="0" isConstructor="false" isStatic="false" isGetter="true" isSetter="false">
              <MetadataToken>100663350</MetadataToken>
              <Name>Projeto_NFe.Applications.Features.Enderecos.EnderecoAddCommand Projeto_NFe.Applications.Features.Transportadores.Commands.TransportadorUpdateCommand::get_Endereco()</Name>
              <FileRef uid="10" />
              <SequencePoints />
              <BranchPoints />
            </Method>
            <Method skippedDueTo="AutoImplementedProperty" visited="false" cyclomaticComplexity="1" nPathComplexity="0" sequenceCoverage="0" branchCoverage="0" crapScore="0" isConstructor="false" isStatic="false" isGetter="false" isSetter="true">
              <MetadataToken>100663351</MetadataToken>
              <Name>System.Void Projeto_NFe.Applications.Features.Transportadores.Commands.TransportadorUpdateCommand::set_Endereco(Projeto_NFe.Applications.Features.Enderecos.EnderecoAddCommand)</Name>
              <FileRef uid="10" />
              <SequencePoints />
              <BranchPoints />
            </Method>
            <Method skippedDueTo="AutoImplementedProperty" visited="false" cyclomaticComplexity="1" nPathComplexity="0" sequenceCoverage="0" branchCoverage="0" crapScore="0" isConstructor="false" isStatic="false" isGetter="true" isSetter="false">
              <MetadataToken>100663352</MetadataToken>
              <Name>System.Boolean Projeto_NFe.Applications.Features.Transportadores.Commands.TransportadorUpdateCommand::get_ResponsabilidadeFrete()</Name>
              <FileRef uid="10" />
              <SequencePoints />
              <BranchPoints />
            </Method>
            <Method skippedDueTo="AutoImplementedProperty" visited="false" cyclomaticComplexity="1" nPathComplexity="0" sequenceCoverage="0" branchCoverage="0" crapScore="0" isConstructor="false" isStatic="false" isGetter="false" isSetter="true">
              <MetadataToken>100663353</MetadataToken>
              <Name>System.Void Projeto_NFe.Applications.Features.Transportadores.Commands.TransportadorUpdateCommand::set_ResponsabilidadeFrete(System.Boolean)</Name>
              <FileRef uid="10" />
              <SequencePoints />
              <BranchPoints />
            </Method>
            <Method visited="false" cyclomaticComplexity="1" nPathComplexity="0" sequenceCoverage="0" branchCoverage="0" crapScore="2" isConstructor="false" isStatic="false" isGetter="false" isSetter="false">
              <Summary numSequencePoints="3" visitedSequencePoints="0" numBranchPoints="1" visitedBranchPoints="0" sequenceCoverage="0" branchCoverage="0" maxCyclomaticComplexity="1" minCyclomaticComplexity="1" maxCrapScore="2" minCrapScore="2" visitedClasses="0" numClasses="0" visitedMethods="0" numMethods="1" />
              <MetadataToken>100663354</MetadataToken>
              <Name>FluentValidation.Results.ValidationResult Projeto_NFe.Applications.Features.Transportadores.Commands.TransportadorUpdateCommand::Validation()</Name>
              <FileRef uid="10" />
              <SequencePoints>
                <SequencePoint vc="0" uspid="74" ordinal="0" offset="0" sl="24" sc="9" el="24" ec="10" bec="0" bev="0" fileid="10" />
                <SequencePoint vc="0" uspid="75" ordinal="1" offset="1" sl="25" sc="13" el="25" ec="77" bec="0" bev="0" fileid="10" />
                <SequencePoint vc="0" uspid="76" ordinal="2" offset="15" sl="26" sc="9" el="26" ec="10" bec="0" bev="0" fileid="10" />
              </SequencePoints>
              <BranchPoints />
              <MethodPoint xsi:type="SequencePoint" vc="0" uspid="74" ordinal="0" offset="0" sl="24" sc="9" el="24" ec="10" bec="0" bev="0" fileid="10" />
            </Method>
            <Method visited="false" cyclomaticComplexity="1" nPathComplexity="0" sequenceCoverage="0" branchCoverage="0" crapScore="2" isConstructor="true" isStatic="false" isGetter="false" isSetter="false">
              <Summary numSequencePoints="0" visitedSequencePoints="0" numBranchPoints="0" visitedBranchPoints="0" sequenceCoverage="0" branchCoverage="0" maxCyclomaticComplexity="1" minCyclomaticComplexity="1" maxCrapScore="2" minCrapScore="2" visitedClasses="0" numClasses="0" visitedMethods="0" numMethods="0" />
              <MetadataToken>100663355</MetadataToken>
              <Name>System.Void Projeto_NFe.Applications.Features.Transportadores.Commands.TransportadorUpdateCommand::.ctor()</Name>
              <SequencePoints />
              <BranchPoints />
              <MethodPoint vc="0" uspid="77" ordinal="0" offset="0" />
            </Method>
          </Methods>
        </Class>
        <Class>
          <Summary numSequencePoints="8" visitedSequencePoints="0" numBranchPoints="1" visitedBranchPoints="0" sequenceCoverage="0" branchCoverage="0" maxCyclomaticComplexity="1" minCyclomaticComplexity="1" maxCrapScore="2" minCrapScore="2" visitedClasses="0" numClasses="1" visitedMethods="0" numMethods="1" />
          <FullName>Projeto_NFe.Applications.Features.Transportadores.Commands.TransportadorUpdateCommand/TransportadorUpdateCommandValidator</FullName>
          <Methods>
            <Method visited="false" cyclomaticComplexity="1" nPathComplexity="0" sequenceCoverage="0" branchCoverage="0" crapScore="2" isConstructor="true" isStatic="false" isGetter="false" isSetter="false">
              <Summary numSequencePoints="8" visitedSequencePoints="0" numBranchPoints="1" visitedBranchPoints="0" sequenceCoverage="0" branchCoverage="0" maxCyclomaticComplexity="1" minCyclomaticComplexity="1" maxCrapScore="2" minCrapScore="2" visitedClasses="0" numClasses="0" visitedMethods="0" numMethods="1" />
              <MetadataToken>100663681</MetadataToken>
              <Name>System.Void Projeto_NFe.Applications.Features.Transportadores.Commands.TransportadorUpdateCommand/TransportadorUpdateCommandValidator::.ctor()</Name>
              <FileRef uid="10" />
              <SequencePoints>
                <SequencePoint vc="0" uspid="78" ordinal="0" offset="0" sl="30" sc="13" el="30" ec="57" bec="0" bev="0" fileid="10" />
                <SequencePoint vc="0" uspid="79" ordinal="1" offset="7" sl="31" sc="13" el="31" ec="14" bec="0" bev="0" fileid="10" />
                <SequencePoint vc="0" uspid="80" ordinal="2" offset="8" sl="32" sc="17" el="32" ec="61" bec="0" bev="0" fileid="10" />
                <SequencePoint vc="0" uspid="81" ordinal="3" offset="77" sl="33" sc="17" el="33" ec="59" bec="0" bev="0" fileid="10" />
                <SequencePoint vc="0" uspid="82" ordinal="4" offset="146" sl="34" sc="17" el="34" ec="61" bec="0" bev="0" fileid="10" />
                <SequencePoint vc="0" uspid="83" ordinal="5" offset="215" sl="35" sc="17" el="35" ec="65" bec="0" bev="0" fileid="10" />
                <SequencePoint vc="0" uspid="84" ordinal="6" offset="284" sl="36" sc="17" el="36" ec="52" bec="0" bev="0" fileid="10" />
                <SequencePoint vc="0" uspid="85" ordinal="7" offset="353" sl="37" sc="13" el="37" ec="14" bec="0" bev="0" fileid="10" />
              </SequencePoints>
              <BranchPoints />
              <MethodPoint xsi:type="SequencePoint" vc="0" uspid="78" ordinal="0" offset="0" sl="30" sc="13" el="30" ec="57" bec="0" bev="0" fileid="10" />
            </Method>
          </Methods>
        </Class>
        <Class>
          <Summary numSequencePoints="0" visitedSequencePoints="0" numBranchPoints="0" visitedBranchPoints="0" sequenceCoverage="0" branchCoverage="0" maxCyclomaticComplexity="1" minCyclomaticComplexity="1" maxCrapScore="2" minCrapScore="2" visitedClasses="0" numClasses="0" visitedMethods="0" numMethods="0" />
          <FullName>Projeto_NFe.Applications.Features.Transportadores.Commands.TransportadorUpdateCommand/TransportadorUpdateCommandValidator/&lt;&gt;c</FullName>
          <Methods>
            <Method visited="false" cyclomaticComplexity="1" nPathComplexity="0" sequenceCoverage="0" branchCoverage="0" crapScore="2" isConstructor="true" isStatic="true" isGetter="false" isSetter="false">
              <Summary numSequencePoints="0" visitedSequencePoints="0" numBranchPoints="0" visitedBranchPoints="0" sequenceCoverage="0" branchCoverage="0" maxCyclomaticComplexity="1" minCyclomaticComplexity="1" maxCrapScore="2" minCrapScore="2" visitedClasses="0" numClasses="0" visitedMethods="0" numMethods="0" />
              <MetadataToken>100663745</MetadataToken>
              <Name>System.Void Projeto_NFe.Applications.Features.Transportadores.Commands.TransportadorUpdateCommand/TransportadorUpdateCommandValidator/&lt;&gt;c::.cctor()</Name>
              <SequencePoints />
              <BranchPoints />
              <MethodPoint vc="0" uspid="86" ordinal="0" offset="0" />
            </Method>
            <Method visited="false" cyclomaticComplexity="1" nPathComplexity="0" sequenceCoverage="0" branchCoverage="0" crapScore="2" isConstructor="true" isStatic="false" isGetter="false" isSetter="false">
              <Summary numSequencePoints="0" visitedSequencePoints="0" numBranchPoints="0" visitedBranchPoints="0" sequenceCoverage="0" branchCoverage="0" maxCyclomaticComplexity="1" minCyclomaticComplexity="1" maxCrapScore="2" minCrapScore="2" visitedClasses="0" numClasses="0" visitedMethods="0" numMethods="0" />
              <MetadataToken>100663746</MetadataToken>
              <Name>System.Void Projeto_NFe.Applications.Features.Transportadores.Commands.TransportadorUpdateCommand/TransportadorUpdateCommandValidator/&lt;&gt;c::.ctor()</Name>
              <SequencePoints />
              <BranchPoints />
              <MethodPoint vc="0" uspid="87" ordinal="0" offset="0" />
            </Method>
          </Methods>
        </Class>
        <Class>
          <Summary numSequencePoints="26" visitedSequencePoints="26" numBranchPoints="8" visitedBranchPoints="8" sequenceCoverage="100" branchCoverage="100" maxCyclomaticComplexity="2" minCyclomaticComplexity="1" maxCrapScore="2" minCrapScore="1" visitedClasses="1" numClasses="1" visitedMethods="6" numMethods="6" />
          <FullName>Projeto_NFe.Applications.Features.Produtos.ProdutoService</FullName>
          <Methods>
            <Method visited="true" cyclomaticComplexity="1" nPathComplexity="0" sequenceCoverage="100" branchCoverage="100" crapScore="1" isConstructor="true" isStatic="false" isGetter="false" isSetter="false">
              <Summary numSequencePoints="4" visitedSequencePoints="4" numBranchPoints="1" visitedBranchPoints="1" sequenceCoverage="100" branchCoverage="100" maxCyclomaticComplexity="1" minCyclomaticComplexity="1" maxCrapScore="1" minCrapScore="1" visitedClasses="0" numClasses="0" visitedMethods="1" numMethods="1" />
              <MetadataToken>100663361</MetadataToken>
              <Name>System.Void Projeto_NFe.Applications.Features.Produtos.ProdutoService::.ctor(Projeto_NFe.Domain.Features.Produtos.IProdutoRepository)</Name>
              <FileRef uid="12" />
              <SequencePoints>
                <SequencePoint vc="8" uspid="88" ordinal="0" offset="0" sl="15" sc="9" el="15" ec="68" bec="0" bev="0" fileid="12" />
                <SequencePoint vc="8" uspid="89" ordinal="1" offset="7" sl="16" sc="9" el="16" ec="10" bec="0" bev="0" fileid="12" />
                <SequencePoint vc="8" uspid="90" ordinal="2" offset="8" sl="17" sc="13" el="17" ec="45" bec="0" bev="0" fileid="12" />
                <SequencePoint vc="8" uspid="91" ordinal="3" offset="15" sl="18" sc="9" el="18" ec="10" bec="0" bev="0" fileid="12" />
              </SequencePoints>
              <BranchPoints />
              <MethodPoint xsi:type="SequencePoint" vc="8" uspid="88" ordinal="0" offset="0" sl="15" sc="9" el="15" ec="68" bec="0" bev="0" fileid="12" />
            </Method>
            <Method visited="true" cyclomaticComplexity="1" nPathComplexity="0" sequenceCoverage="100" branchCoverage="100" crapScore="1" isConstructor="false" isStatic="false" isGetter="false" isSetter="false">
              <Summary numSequencePoints="5" visitedSequencePoints="5" numBranchPoints="1" visitedBranchPoints="1" sequenceCoverage="100" branchCoverage="100" maxCyclomaticComplexity="1" minCyclomaticComplexity="1" maxCrapScore="1" minCrapScore="1" visitedClasses="0" numClasses="0" visitedMethods="1" numMethods="1" />
              <MetadataToken>100663362</MetadataToken>
              <Name>System.Int64 Projeto_NFe.Applications.Features.Produtos.ProdutoService::Add(Projeto_NFe.Applications.Features.Produtos.Commands.ProdutoAddCommand)</Name>
              <FileRef uid="12" />
              <SequencePoints>
                <SequencePoint vc="1" uspid="92" ordinal="0" offset="0" sl="21" sc="9" el="21" ec="10" bec="0" bev="0" fileid="12" />
                <SequencePoint vc="1" uspid="93" ordinal="1" offset="1" sl="22" sc="13" el="22" ec="76" bec="0" bev="0" fileid="12" />
                <SequencePoint vc="1" uspid="94" ordinal="2" offset="8" sl="23" sc="13" el="23" ec="57" bec="0" bev="0" fileid="12" />
                <SequencePoint vc="1" uspid="95" ordinal="3" offset="21" sl="25" sc="13" el="25" ec="35" bec="0" bev="0" fileid="12" />
[...]
              <SequencePoints />
              <BranchPoints />
              <MethodPoint vc="0" uspid="2389" ordinal="0" offset="0" />
            </Method>
          </Methods>
        </Class>
        <Class>
          <Summary numSequencePoints="0" visitedSequencePoints="0" numBranchPoints="0" visitedBranchPoints="0" sequenceCoverage="0" branchCoverage="0" maxCyclomaticComplexity="1" minCyclomaticComplexity="1" maxCrapScore="2" minCrapScore="2" visitedClasses="0" numClasses="0" visitedMethods="0" numMethods="0" />
          <FullName>Projeto_Nfe.Infra.ORM.Features.Emitentes.EmitenteRepository/&lt;&gt;c__DisplayClass6_0</FullName>
          <Methods>
            <Method visited="false" cyclomaticComplexity="1" nPathComplexity="0" sequenceCoverage="0" branchCoverage="0" crapScore="2" isConstructor="true" isStatic="false" isGetter="false" isSetter="false">
              <Summary numSequencePoints="0" visitedSequencePoints="0" numBranchPoints="0" visitedBranchPoints="0" sequenceCoverage="0" branchCoverage="0" maxCyclomaticComplexity="1" minCyclomaticComplexity="1" maxCrapScore="2" minCrapScore="2" visitedClasses="0" numClasses="0" visitedMethods="0" numMethods="0" />
              <MetadataToken>100663360</MetadataToken>
              <Name>System.Void Projeto_Nfe.Infra.ORM.Features.Emitentes.EmitenteRepository/&lt;&gt;c__DisplayClass6_0::.ctor()</Name>
              <SequencePoints />
              <BranchPoints />
              <MethodPoint vc="0" uspid="2390" ordinal="0" offset="0" />
            </Method>
          </Methods>
        </Class>
        <Class>
          <Summary numSequencePoints="7" visitedSequencePoints="7" numBranchPoints="1" visitedBranchPoints="1" sequenceCoverage="100" branchCoverage="100" maxCyclomaticComplexity="1" minCyclomaticComplexity="1" maxCrapScore="1" minCrapScore="1" visitedClasses="1" numClasses="1" visitedMethods="1" numMethods="1" />
          <FullName>Projeto_Nfe.Infra.ORM.Features.Destinatarios.DestinatarioEntityConfiguration</FullName>
          <Methods>
            <Method visited="true" cyclomaticComplexity="1" nPathComplexity="0" sequenceCoverage="100" branchCoverage="100" crapScore="1" isConstructor="true" isStatic="false" isGetter="false" isSetter="false">
              <Summary numSequencePoints="7" visitedSequencePoints="7" numBranchPoints="1" visitedBranchPoints="1" sequenceCoverage="100" branchCoverage="100" maxCyclomaticComplexity="1" minCyclomaticComplexity="1" maxCrapScore="1" minCrapScore="1" visitedClasses="0" numClasses="0" visitedMethods="1" numMethods="1" />
              <MetadataToken>100663325</MetadataToken>
              <Name>System.Void Projeto_Nfe.Infra.ORM.Features.Destinatarios.DestinatarioEntityConfiguration::.ctor()</Name>
              <FileRef uid="443" />
              <SequencePoints>
                <SequencePoint vc="1" uspid="2391" ordinal="0" offset="0" sl="13" sc="9" el="13" ec="49" bec="0" bev="0" fileid="443" />
                <SequencePoint vc="1" uspid="2392" ordinal="1" offset="7" sl="14" sc="9" el="14" ec="10" bec="0" bev="0" fileid="443" />
                <SequencePoint vc="1" uspid="2393" ordinal="2" offset="8" sl="15" sc="13" el="15" ec="44" bec="0" bev="0" fileid="443" />
                <SequencePoint vc="1" uspid="2394" ordinal="3" offset="20" sl="16" sc="13" el="16" ec="36" bec="0" bev="0" fileid="443" />
                <SequencePoint vc="1" uspid="2395" ordinal="4" offset="84" sl="18" sc="13" el="18" ec="53" bec="0" bev="0" fileid="443" />
                <SequencePoint vc="1" uspid="2396" ordinal="5" offset="148" sl="19" sc="13" el="19" ec="51" bec="0" bev="0" fileid="443" />
                <SequencePoint vc="1" uspid="2397" ordinal="6" offset="212" sl="21" sc="9" el="21" ec="10" bec="0" bev="0" fileid="443" />
              </SequencePoints>
              <BranchPoints />
              <MethodPoint xsi:type="SequencePoint" vc="1" uspid="2391" ordinal="0" offset="0" sl="13" sc="9" el="13" ec="49" bec="0" bev="0" fileid="443" />
            </Method>
          </Methods>
        </Class>
        <Class>
          <Summary numSequencePoints="0" visitedSequencePoints="0" numBranchPoints="0" visitedBranchPoints="0" sequenceCoverage="0" branchCoverage="0" maxCyclomaticComplexity="1" minCyclomaticComplexity="1" maxCrapScore="2" minCrapScore="2" visitedClasses="0" numClasses="0" visitedMethods="0" numMethods="0" />
          <FullName>Projeto_Nfe.Infra.ORM.Features.Destinatarios.DestinatarioEntityConfiguration/&lt;&gt;c</FullName>
          <Methods>
            <Method visited="false" cyclomaticComplexity="1" nPathComplexity="0" sequenceCoverage="0" branchCoverage="0" crapScore="2" isConstructor="true" isStatic="true" isGetter="false" isSetter="false">
              <Summary numSequencePoints="0" visitedSequencePoints="0" numBranchPoints="0" visitedBranchPoints="0" sequenceCoverage="0" branchCoverage="0" maxCyclomaticComplexity="1" minCyclomaticComplexity="1" maxCrapScore="2" minCrapScore="2" visitedClasses="0" numClasses="0" visitedMethods="0" numMethods="0" />
              <MetadataToken>100663361</MetadataToken>
              <Name>System.Void Projeto_Nfe.Infra.ORM.Features.Destinatarios.DestinatarioEntityConfiguration/&lt;&gt;c::.cctor()</Name>
              <SequencePoints />
              <BranchPoints />
              <MethodPoint vc="0" uspid="2398" ordinal="0" offset="0" />
            </Method>
            <Method visited="false" cyclomaticComplexity="1" nPathComplexity="0" sequenceCoverage="0" branchCoverage="0" crapScore="2" isConstructor="true" isStatic="false" isGetter="false" isSetter="false">
              <Summary numSequencePoints="0" visitedSequencePoints="0" numBranchPoints="0" visitedBranchPoints="0" sequenceCoverage="0" branchCoverage="0" maxCyclomaticComplexity="1" minCyclomaticComplexity="1" maxCrapScore="2" minCrapScore="2" visitedClasses="0" numClasses="0" visitedMethods="0" numMethods="0" />
              <MetadataToken>100663362</MetadataToken>
              <Name>System.Void Projeto_Nfe.Infra.ORM.Features.Destinatarios.DestinatarioEntityConfiguration/&lt;&gt;c::.ctor()</Name>
              <SequencePoints />
              <BranchPoints />
              <MethodPoint vc="0" uspid="2399" ordinal="0" offset="0" />
            </Method>
          </Methods>
        </Class>
        <Class>
          <Summary numSequencePoints="26" visitedSequencePoints="25" numBranchPoints="8" visitedBranchPoints="7" sequenceCoverage="96.15" branchCoverage="87.5" maxCyclomaticComplexity="2" minCyclomaticComplexity="1" maxCrapScore="2.01" minCrapScore="1" visitedClasses="1" numClasses="1" visitedMethods="6" numMethods="6" />
          <FullName>Projeto_Nfe.Infra.ORM.Features.Destinatarios.DestinatarioRepository</FullName>
          <Methods>
            <Method visited="true" cyclomaticComplexity="1" nPathComplexity="0" sequenceCoverage="100" branchCoverage="100" crapScore="1" isConstructor="true" isStatic="false" isGetter="false" isSetter="false">
              <Summary numSequencePoints="4" visitedSequencePoints="4" numBranchPoints="1" visitedBranchPoints="1" sequenceCoverage="100" branchCoverage="100" maxCyclomaticComplexity="1" minCyclomaticComplexity="1" maxCrapScore="1" minCrapScore="1" visitedClasses="0" numClasses="0" visitedMethods="1" numMethods="1" />
              <MetadataToken>100663326</MetadataToken>
              <Name>System.Void Projeto_Nfe.Infra.ORM.Features.Destinatarios.DestinatarioRepository::.ctor(Projeto_Nfe.Infra.ORM.Context.ProjetoNFeContext)</Name>
              <FileRef uid="444" />
              <SequencePoints>
                <SequencePoint vc="5" uspid="2400" ordinal="0" offset="0" sl="18" sc="9" el="18" ec="65" bec="0" bev="0" fileid="444" />
                <SequencePoint vc="5" uspid="2401" ordinal="1" offset="7" sl="19" sc="9" el="19" ec="10" bec="0" bev="0" fileid="444" />
                <SequencePoint vc="5" uspid="2402" ordinal="2" offset="8" sl="20" sc="13" el="20" ec="32" bec="0" bev="0" fileid="444" />
                <SequencePoint vc="5" uspid="2403" ordinal="3" offset="15" sl="22" sc="9" el="22" ec="10" bec="0" bev="0" fileid="444" />
              </SequencePoints>
              <BranchPoints />
              <MethodPoint xsi:type="SequencePoint" vc="5" uspid="2400" ordinal="0" offset="0" sl="18" sc="9" el="18" ec="65" bec="0" bev="0" fileid="444" />
            </Method>
            <Method visited="true" cyclomaticComplexity="1" nPathComplexity="0" sequenceCoverage="100" branchCoverage="100" crapScore="1" isConstructor="false" isStatic="false" isGetter="false" isSetter="false">
              <Summary numSequencePoints="5" visitedSequencePoints="5" numBranchPoints="1" visitedBranchPoints="1" sequenceCoverage="100" branchCoverage="100" maxCyclomaticComplexity="1" minCyclomaticComplexity="1" maxCrapScore="1" minCrapScore="1" visitedClasses="0" numClasses="0" visitedMethods="1" numMethods="1" />
              <MetadataToken>100663327</MetadataToken>
              <Name>Projeto_NFe.Domain.Features.Destinatarios.Destinatario Projeto_Nfe.Infra.ORM.Features.Destinatarios.DestinatarioRepository::Add(Projeto_NFe.Domain.Features.Destinatarios.Destinatario)</Name>
              <FileRef uid="444" />
              <SequencePoints>
                <SequencePoint vc="4" uspid="2404" ordinal="0" offset="0" sl="24" sc="9" el="24" ec="10" bec="0" bev="0" fileid="444" />
                <SequencePoint vc="4" uspid="2405" ordinal="1" offset="1" sl="25" sc="13" el="25" ec="48" bec="0" bev="0" fileid="444" />
                <SequencePoint vc="4" uspid="2406" ordinal="2" offset="19" sl="26" sc="13" el="26" ec="36" bec="0" bev="0" fileid="444" />
                <SequencePoint vc="4" uspid="2407" ordinal="3" offset="31" sl="27" sc="13" el="27" ec="27" bec="0" bev="0" fileid="444" />
                <SequencePoint vc="4" uspid="2408" ordinal="4" offset="35" sl="28" sc="9" el="28" ec="10" bec="0" bev="0" fileid="444" />
              </SequencePoints>
              <BranchPoints />
              <MethodPoint xsi:type="SequencePoint" vc="4" uspid="2404" ordinal="0" offset="0" sl="24" sc="9" el="24" ec="10" bec="0" bev="0" fileid="444" />
            </Method>
            <Method visited="true" cyclomaticComplexity="2" nPathComplexity="2" sequenceCoverage="85.71" branchCoverage="66.67" crapScore="2.01" isConstructor="false" isStatic="false" isGetter="false" isSetter="false">
              <Summary numSequencePoints="7" visitedSequencePoints="6" numBranchPoints="3" visitedBranchPoints="2" sequenceCoverage="85.71" branchCoverage="66.67" maxCyclomaticComplexity="2" minCyclomaticComplexity="2" maxCrapScore="2.01" minCrapScore="2.01" visitedClasses="0" numClasses="0" visitedMethods="1" numMethods="1" />
              <MetadataToken>100663328</MetadataToken>
              <Name>System.Boolean Projeto_Nfe.Infra.ORM.Features.Destinatarios.DestinatarioRepository::Delete(System.Int64)</Name>
              <FileRef uid="444" />
              <SequencePoints>
                <SequencePoint vc="1" uspid="2409" ordinal="0" offset="13" sl="31" sc="9" el="31" ec="10" bec="0" bev="0" fileid="444" />
                <SequencePoint vc="1" uspid="2410" ordinal="1" offset="14" sl="32" sc="13" el="32" ec="99" bec="0" bev="0" fileid="444" />
                <SequencePoint vc="1" uspid="2411" ordinal="2" offset="129" sl="33" sc="13" el="33" ec="38" bec="2" bev="1" fileid="444" />
                <SequencePoint vc="0" uspid="2412" ordinal="3" offset="137" sl="34" sc="17" el="34" ec="47" bec="0" bev="0" fileid="444" />
                <SequencePoint vc="1" uspid="2413" ordinal="4" offset="143" sl="35" sc="17" el="35" ec="74" bec="0" bev="0" fileid="444" />
                <SequencePoint vc="1" uspid="2414" ordinal="5" offset="162" sl="36" sc="13" el="36" ec="47" bec="0" bev="0" fileid="444" />
                <SequencePoint vc="1" uspid="2415" ordinal="6" offset="180" sl="37" sc="9" el="37" ec="10" bec="0" bev="0" fileid="444" />
              </SequencePoints>
              <BranchPoints>
                <BranchPoint vc="0" uspid="2416" ordinal="0" offset="135" sl="33" path="0" offsetend="137" fileid="444" />
                <BranchPoint vc="1" uspid="2417" ordinal="1" offset="135" sl="33" path="1" offsetend="143" fileid="444" />
              </BranchPoints>
              <MethodPoint vc="1" uspid="2418" ordinal="0" offset="0" />
            </Method>
            <Method visited="true" cyclomaticComplexity="1" nPathComplexity="0" sequenceCoverage="100" branchCoverage="100" crapScore="1" isConstructor="false" isStatic="false" isGetter="false" isSetter="false">
              <Summary numSequencePoints="3" visitedSequencePoints="3" numBranchPoints="1" visitedBranchPoints="1" sequenceCoverage="100" branchCoverage="100" maxCyclomaticComplexity="1" minCyclomaticComplexity="1" maxCrapScore="1" minCrapScore="1" visitedClasses="0" numClasses="0" visitedMethods="1" numMethods="1" />
              <MetadataToken>100663329</MetadataToken>
              <Name>System.Linq.IQueryable`1&lt;Projeto_NFe.Domain.Features.Destinatarios.Destinatario&gt; Projeto_Nfe.Infra.ORM.Features.Destinatarios.DestinatarioRepository::GetAll()</Name>
              <FileRef uid="444" />
              <SequencePoints>
                <SequencePoint vc="1" uspid="2419" ordinal="0" offset="0" sl="40" sc="9" el="40" ec="10" bec="0" bev="0" fileid="444" />
                <SequencePoint vc="1" uspid="2420" ordinal="1" offset="1" sl="41" sc="13" el="41" ec="43" bec="0" bev="0" fileid="444" />
                <SequencePoint vc="1" uspid="2421" ordinal="2" offset="15" sl="42" sc="9" el="42" ec="10" bec="0" bev="0" fileid="444" />
              </SequencePoints>
              <BranchPoints />
              <MethodPoint xsi:type="SequencePoint" vc="1" uspid="2419" ordinal="0" offset="0" sl="40" sc="9" el="40" ec="10" bec="0" bev="0" fileid="444" />
            </Method>
            <Method visited="true" cyclomaticComplexity="1" nPathComplexity="0" sequenceCoverage="100" branchCoverage="100" crapScore="1" isConstructor="false" isStatic="false" isGetter="false" isSetter="false">
              <Summary numSequencePoints="3" visitedSequencePoints="3" numBranchPoints="1" visitedBranchPoints="1" sequenceCoverage="100" branchCoverage="100" maxCyclomaticComplexity="1" minCyclomaticComplexity="1" maxCrapScore="1" minCrapScore="1" visitedClasses="0" numClasses="0" visitedMethods="1" numMethods="1" />
              <MetadataToken>100663330</MetadataToken>
              <Name>Projeto_NFe.Domain.Features.Destinatarios.Destinatario Projeto_Nfe.Infra.ORM.Features.Destinatarios.DestinatarioRepository::GetById(System.Int64)</Name>
              <FileRef uid="444" />
              <SequencePoints>
                <SequencePoint vc="3" uspid="2422" ordinal="0" offset="13" sl="45" sc="9" el="45" ec="10" bec="0" bev="0" fileid="444" />
                <SequencePoint vc="3" uspid="2423" ordinal="1" offset="14" sl="46" sc="13" el="46" ec="75" bec="0" bev="0" fileid="444" />
                <SequencePoint vc="3" uspid="2424" ordinal="2" offset="126" sl="47" sc="9" el="47" ec="10" bec="0" bev="0" fileid="444" />
              </SequencePoints>
              <BranchPoints />
              <MethodPoint vc="3" uspid="2425" ordinal="0" offset="0" />
            </Method>
            <Method visited="true" cyclomaticComplexity="1" nPathComplexity="0" sequenceCoverage="100" branchCoverage="100" crapScore="1" isConstructor="false" isStatic="false" isGetter="false" isSetter="false">
              <Summary numSequencePoints="4" visitedSequencePoints="4" numBranchPoints="1" visitedBranchPoints="1" sequenceCoverage="100" branchCoverage="100" maxCyclomaticComplexity="1" minCyclomaticComplexity="1" maxCrapScore="1" minCrapScore="1" visitedClasses="0" numClasses="0" visitedMethods="1" numMethods="1" />
              <MetadataToken>100663331</MetadataToken>
              <Name>System.Boolean Projeto_Nfe.Infra.ORM.Features.Destinatarios.DestinatarioRepository::Update(Projeto_NFe.Domain.Features.Destinatarios.Destinatario)</Name>
              <FileRef uid="444" />
              <SequencePoints>
                <SequencePoint vc="1" uspid="2426" ordinal="0" offset="0" sl="50" sc="9" el="50" ec="10" bec="0" bev="0" fileid="444" />
                <SequencePoint vc="1" uspid="2427" ordinal="1" offset="1" sl="51" sc="13" el="51" ec="65" bec="0" bev="0" fileid="444" />
                <SequencePoint vc="1" uspid="2428" ordinal="2" offset="21" sl="52" sc="13" el="52" ec="47" bec="0" bev="0" fileid="444" />
                <SequencePoint vc="1" uspid="2429" ordinal="3" offset="38" sl="53" sc="9" el="53" ec="10" bec="0" bev="0" fileid="444" />
              </SequencePoints>
              <BranchPoints />
              <MethodPoint xsi:type="SequencePoint" vc="1" uspid="2426" ordinal="0" offset="0" sl="50" sc="9" el="50" ec="10" bec="0" bev="0" fileid="444" />
            </Method>
          </Methods>
        </Class>
        <Class>
          <Summary numSequencePoints="0" visitedSequencePoints="0" numBranchPoints="0" visitedBranchPoints="0" sequenceCoverage="0" branchCoverage="0" maxCyclomaticComplexity="1" minCyclomaticComplexity="1" maxCrapScore="2" minCrapScore="2" visitedClasses="0" numClasses="0" visitedMethods="0" numMethods="0" />
          <FullName>Projeto_Nfe.Infra.ORM.Features.Destinatarios.DestinatarioRepository/&lt;&gt;c__DisplayClass3_0</FullName>
          <Methods>
            <Method visited="false" cyclomaticComplexity="1" nPathComplexity="0" sequenceCoverage="0" branchCoverage="0" crapScore="2" isConstructor="true" isStatic="false" isGetter="false" isSetter="false">
              <Summary numSequencePoints="0" visitedSequencePoints="0" numBranchPoints="0" visitedBranchPoints="0" sequenceCoverage="0" branchCoverage="0" maxCyclomaticComplexity="1" minCyclomaticComplexity="1" maxCrapScore="2" minCrapScore="2" visitedClasses="0" numClasses="0" visitedMethods="0" numMethods="0" />
              <MetadataToken>100663363</MetadataToken>
              <Name>System.Void Projeto_Nfe.Infra.ORM.Features.Destinatarios.DestinatarioRepository/&lt;&gt;c__DisplayClass3_0::.ctor()</Name>
              <SequencePoints />
              <BranchPoints />
              <MethodPoint vc="0" uspid="2430" ordinal="0" offset="0" />
            </Method>
          </Methods>
        </Class>
        <Class>
          <Summary numSequencePoints="0" visitedSequencePoints="0" numBranchPoints="0" visitedBranchPoints="0" sequenceCoverage="0" branchCoverage="0" maxCyclomaticComplexity="1" minCyclomaticComplexity="1" maxCrapScore="2" minCrapScore="2" visitedClasses="0" numClasses="0" visitedMethods="0" numMethods="0" />
          <FullName>Projeto_Nfe.Infra.ORM.Features.Destinatarios.DestinatarioRepository/&lt;&gt;c__DisplayClass5_0</FullName>
          <Methods>
            <Method visited="false" cyclomaticComplexity="1" nPathComplexity="0" sequenceCoverage="0" branchCoverage="0" crapScore="2" isConstructor="true" isStatic="false" isGetter="false" isSetter="false">
              <Summary numSequencePoints="0" visitedSequencePoints="0" numBranchPoints="0" visitedBranchPoints="0" sequenceCoverage="0" branchCoverage="0" maxCyclomaticComplexity="1" minCyclomaticComplexity="1" maxCrapScore="2" minCrapScore="2" visitedClasses="0" numClasses="0" visitedMethods="0" numMethods="0" />
              <MetadataToken>100663364</MetadataToken>
              <Name>System.Void Projeto_Nfe.Infra.ORM.Features.Destinatarios.DestinatarioRepository/&lt;&gt;c__DisplayClass5_0::.ctor()</Name>
              <SequencePoints />
              <BranchPoints />
              <MethodPoint vc="0" uspid="2431" ordinal="0" offset="0" />
            </Method>
          </Methods>
        </Class>
      </Classes>
    </Module>
  </Modules>
</CoverageSession>